<?xml version="1.0" encoding="utf-8"?>
<TestRun id="e025b775-5305-4cf3-af63-207377fa287f" name="@ip-10-8-96-225 2023-10-04 13:16:40" xmlns="http://microsoft.com/schemas/VisualStudio/TeamTest/2010">
  <Times creation="2023-10-04T13:16:40.8708657+00:00" queuing="2023-10-04T13:16:40.8708659+00:00" start="2023-10-04T13:16:30.6129150+00:00" finish="2023-10-04T13:21:12.0494228+00:00" />
  <TestSettings name="default" id="a7b6d0ee-19eb-4ca5-976b-e57ec5c8bbf5">
    <Deployment runDeploymentRoot="_ip-10-8-96-225_2023-10-04_13_16_40" />
  </TestSettings>
  <Results>
    <UnitTestResult executionId="3853bbd2-6d97-4219-a946-10f698f12e98" testId="7b46d1a5-3abe-401a-b2c1-4a5d59dbabce" testName="WhenCIFIsValidAndSomeOtherErrorOccurs_GetProfileFailsWith400" computerName="ip-10-8-96-225" duration="00:00:00.1585365" startTime="2023-10-04T13:17:30.5084328+00:00" endTime="2023-10-04T13:17:30.6670641+00:00" testType="13cdc9d9-ddb5-4fa4-a97d-d965ccfc6d4b" outcome="Passed" testListId="8c84fa94-04c1-424b-9868-57a2d4851a1d" relativeResultsDirectory="3853bbd2-6d97-4219-a946-10f698f12e98" />
    <UnitTestResult executionId="34570cd4-a562-4d27-bd04-6f8bf0bd32b2" testId="1905cb94-3075-444e-992d-b4d1f5dcb6cb" testName="WhenPOAddress_ThenFailureReturned" computerName="ip-10-8-96-225" duration="00:00:00.0021278" startTime="2023-10-04T13:19:23.4697459+00:00" endTime="2023-10-04T13:19:23.4719566+00:00" testType="13cdc9d9-ddb5-4fa4-a97d-d965ccfc6d4b" outcome="Passed" testListId="8c84fa94-04c1-424b-9868-57a2d4851a1d" relativeResultsDirectory="34570cd4-a562-4d27-bd04-6f8bf0bd32b2" />
    <UnitTestResult executionId="2de4bce6-98ef-48cb-a62b-a7419823139b" testId="e6253024-4570-4457-9838-2547d8bf5d2b" testName="WhenLoanServPaymentFailsOnCommunicatorTransfer_TransferFailsWith400" computerName="ip-10-8-96-225" duration="00:00:00.1484543" startTime="2023-10-04T13:17:34.1829166+00:00" endTime="2023-10-04T13:17:34.3314908+00:00" testType="13cdc9d9-ddb5-4fa4-a97d-d965ccfc6d4b" outcome="Passed" testListId="8c84fa94-04c1-424b-9868-57a2d4851a1d" relativeResultsDirectory="2de4bce6-98ef-48cb-a62b-a7419823139b" />
    <UnitTestResult executionId="32b557bb-17ca-4e45-b4c7-71232fbbe520" testId="a7ae0280-beae-40bc-9cfb-69ef551a0109" testName="EDocsWS_Fake_GetDocuments_TAX_UserDoesNotExist_Fail" computerName="ip-10-8-96-225" duration="00:00:02.8819801" startTime="2023-10-04T13:17:14.4578701+00:00" endTime="2023-10-04T13:17:17.3400524+00:00" testType="13cdc9d9-ddb5-4fa4-a97d-d965ccfc6d4b" outcome="Passed" testListId="8c84fa94-04c1-424b-9868-57a2d4851a1d" relativeResultsDirectory="32b557bb-17ca-4e45-b4c7-71232fbbe520">
      <Output>
        <StdOut>Debug Trace:
Information - ET:QueryList CoreLive.Common.DB.Queries.AllowedRelationshipStatus total time 407ms
Information - ET:QueryList CoreLive.Common.DB.Queries.AllowedProductCode total time 495ms
Information - ET:QueryList CoreLive.Common.DB.Queries.AllowedRelationshipStatus total time 501ms
Information - ET:QueryList CoreLive.Common.DB.Queries.AllowedProductCode total time 290ms</StdOut>
      </Output>
    </UnitTestResult>
    <UnitTestResult executionId="02c6704b-ba3c-4de3-a272-2b54d829f22a" testId="590b5bbc-83ac-4cf5-9647-5d4f12ac262d" testName="WhenValidInputButInvalidRelCodeNull_ThenUnsuccessfulResponse" computerName="ip-10-8-96-225" duration="00:00:00.1528863" startTime="2023-10-04T13:17:46.1845177+00:00" endTime="2023-10-04T13:17:46.3375314+00:00" testType="13cdc9d9-ddb5-4fa4-a97d-d965ccfc6d4b" outcome="Passed" testListId="8c84fa94-04c1-424b-9868-57a2d4851a1d" relativeResultsDirectory="02c6704b-ba3c-4de3-a272-2b54d829f22a">
      <Output>
        <StdOut>\u001b[41m\u001b[30mfail\u001b[39m\u001b[22m\u001b[49m: D3.CoreLive.Service.WorkerServices.VerifyUserWS[0]
      Invalid Account Status Code
\u001b[40m\u001b[32minfo\u001b[39m\u001b[22m\u001b[49m: D3.CoreLive.Service.WorkerServices.VerifyUserWS[0]
      User Not Found In Entity



Debug Trace:
Debug - CustomerListInquiryWS:BuildCustomerListInquiryRequest - request id 0e42068d-2fb3-412e-9c48-279244511b56</StdOut>
      </Output>
    </UnitTestResult>
    <UnitTestResult executionId="86c0461f-a064-4e0c-bb01-ca9c2ca804cb" testId="136016c7-4407-4f92-b8ad-88a270e6dc6c" testName="WhenValidAddressCountryLowerCase2_ThenSuccessReturned" computerName="ip-10-8-96-225" duration="00:00:00.1784659" startTime="2023-10-04T13:19:01.1500187+00:00" endTime="2023-10-04T13:19:01.3286227+00:00" testType="13cdc9d9-ddb5-4fa4-a97d-d965ccfc6d4b" outcome="Passed" testListId="8c84fa94-04c1-424b-9868-57a2d4851a1d" relativeResultsDirectory="86c0461f-a064-4e0c-bb01-ca9c2ca804cb" />
    <UnitTestResult executionId="d652d161-9d0a-40ac-8748-fb95223adfd5" testId="5a5d131e-21df-4f94-a0a6-a46b7247b7c8" testName="WhenValidAddress_ThenSuccessReturned" computerName="ip-10-8-96-225" duration="00:00:00.8517577" startTime="2023-10-04T13:19:07.5676501+00:00" endTime="2023-10-04T13:19:10.9823404+00:00" testType="13cdc9d9-ddb5-4fa4-a97d-d965ccfc6d4b" outcome="Passed" testListId="8c84fa94-04c1-424b-9868-57a2d4851a1d" relativeResultsDirectory="d652d161-9d0a-40ac-8748-fb95223adfd5">
      <Output>
        <StdOut>CommunicatorBaseUri is http://localhost:5011/
loanServ.BaseUri is https://api.sharedsvcs-nonprod.asb.local/
eDocs.NautilusBaseUrl is http://nautilus.d3couple.local/
OpenTelemetry tracing is disabled, make sure the keys (DynaTraceToken, DynaTraceTenantID, DynaTraceTraceUrl) are in the secret/configuration



Debug Trace:
Using EIS Private service at : https://api.sharedsvcs-nonprod.asb.local/
Using EIS Private service at : https://api-origin.dev.associatedbankservices.com/api/dev/addrssparsr</StdOut>
      </Output>
    </UnitTestResult>
    <UnitTestResult executionId="52f179ae-2b67-4d03-9f84-b74fdfbad452" testId="0b22363f-f6fc-4484-80e1-7fdd1030f496" testName="CoreLive_Rest_StopPaymentRange_ZeroCheckNumber_CommunicatorErrorExpected" computerName="ip-10-8-96-225" duration="00:00:02.2492108" startTime="2023-10-04T13:18:19.1413644+00:00" endTime="2023-10-04T13:18:21.3907252+00:00" testType="13cdc9d9-ddb5-4fa4-a97d-d965ccfc6d4b" outcome="Passed" testListId="8c84fa94-04c1-424b-9868-57a2d4851a1d" relativeResultsDirectory="52f179ae-2b67-4d03-9f84-b74fdfbad452">
      <Output>
        <StdOut>CommunicatorBaseUri is http://localhost:5011/
loanServ.BaseUri is https://api.sharedsvcs-nonprod.asb.local/
eDocs.NautilusBaseUrl is http://nautilus.d3couple.local/
OpenTelemetry tracing is disabled, make sure the keys (DynaTraceToken, DynaTraceTenantID, DynaTraceTraceUrl) are in the secret/configuration



Debug Trace:
Using EIS Private service at : https://api.sharedsvcs-nonprod.asb.local/
Using EIS Private service at : https://api-origin.dev.associatedbankservices.com/api/dev/addrssparsr</StdOut>
      </Output>
    </UnitTestResult>
    <UnitTestResult executionId="6b3d315c-bc57-4c4c-9957-baa4c583012f" testId="f0953a3a-fde4-42af-a99d-bb298b3de377" testName="HealthCheck" computerName="ip-10-8-96-225" duration="00:00:00.0048874" startTime="2023-10-04T13:17:55.3356733+00:00" endTime="2023-10-04T13:17:57.9186877+00:00" testType="13cdc9d9-ddb5-4fa4-a97d-d965ccfc6d4b" outcome="Passed" testListId="8c84fa94-04c1-424b-9868-57a2d4851a1d" relativeResultsDirectory="6b3d315c-bc57-4c4c-9957-baa4c583012f">
      <Output>
        <StdOut>CommunicatorBaseUri is http://localhost:5011/
loanServ.BaseUri is https://api.sharedsvcs-nonprod.asb.local/
eDocs.NautilusBaseUrl is http://nautilus.d3couple.local/
OpenTelemetry tracing is disabled, make sure the keys (DynaTraceToken, DynaTraceTenantID, DynaTraceTraceUrl) are in the secret/configuration



Debug Trace:
Using EIS Private service at : https://api.sharedsvcs-nonprod.asb.local/
Using EIS Private service at : https://api-origin.dev.associatedbankservices.com/api/dev/addrssparsr</StdOut>
      </Output>
    </UnitTestResult>
    <UnitTestResult executionId="0e166845-dec0-4886-9304-b90b09500fc7" testId="8e1c34a6-175a-4e12-a806-265df9ec9080" testName="IntradayHandler_MergeSnowflakeAndSignatureIncludesNotSignatureType" computerName="ip-10-8-96-225" duration="00:00:00.0031400" startTime="2023-10-04T13:19:48.6065278+00:00" endTime="2023-10-04T13:19:48.6097448+00:00" testType="13cdc9d9-ddb5-4fa4-a97d-d965ccfc6d4b" outcome="Passed" testListId="8c84fa94-04c1-424b-9868-57a2d4851a1d" relativeResultsDirectory="0e166845-dec0-4886-9304-b90b09500fc7" />
    <UnitTestResult executionId="2c4b4b4d-8448-4fcc-a9b8-297a19c142c2" testId="72baa9e0-efe0-45c1-b020-977d44281876" testName="UpdateProfile_ProfileUpdate_GenderMale" computerName="ip-10-8-96-225" duration="00:00:00.2007018" startTime="2023-10-04T13:17:44.8598868+00:00" endTime="2023-10-04T13:17:45.0607125+00:00" testType="13cdc9d9-ddb5-4fa4-a97d-d965ccfc6d4b" outcome="Passed" testListId="8c84fa94-04c1-424b-9868-57a2d4851a1d" relativeResultsDirectory="2c4b4b4d-8448-4fcc-a9b8-297a19c142c2" />
    <UnitTestResult executionId="8b2adb6c-4fbf-4673-a5ca-ae9af12828fd" testId="fb5ff83c-e6e0-4ce9-9846-1136cb8befb9" testName="IntradayController_AccountRoute_SyncACCOUNTS_SingleTimeFakedLS_Sync" computerName="ip-10-8-96-225" duration="00:00:00.0036271" startTime="2023-10-04T13:19:48.0109771+00:00" endTime="2023-10-04T13:19:48.0146765+00:00" testType="13cdc9d9-ddb5-4fa4-a97d-d965ccfc6d4b" outcome="Passed" testListId="8c84fa94-04c1-424b-9868-57a2d4851a1d" relativeResultsDirectory="8b2adb6c-4fbf-4673-a5ca-ae9af12828fd" />
    <UnitTestResult executionId="ec9ad2b1-67fa-4ed5-b787-9cbccc4621ab" testId="48807b1d-95e9-4b75-8fb9-71096257b386" testName="CoreLive_Rest_StopPayment_AccountNotFound" computerName="ip-10-8-96-225" duration="00:00:01.9603619" startTime="2023-10-04T13:18:02.9148922+00:00" endTime="2023-10-04T13:18:04.8754035+00:00" testType="13cdc9d9-ddb5-4fa4-a97d-d965ccfc6d4b" outcome="Passed" testListId="8c84fa94-04c1-424b-9868-57a2d4851a1d" relativeResultsDirectory="ec9ad2b1-67fa-4ed5-b787-9cbccc4621ab">
      <Output>
        <StdOut>CommunicatorBaseUri is http://localhost:5011/
loanServ.BaseUri is https://api.sharedsvcs-nonprod.asb.local/
eDocs.NautilusBaseUrl is http://nautilus.d3couple.local/
OpenTelemetry tracing is disabled, make sure the keys (DynaTraceToken, DynaTraceTenantID, DynaTraceTraceUrl) are in the secret/configuration



Debug Trace:
Using EIS Private service at : https://api.sharedsvcs-nonprod.asb.local/
Using EIS Private service at : https://api-origin.dev.associatedbankservices.com/api/dev/addrssparsr</StdOut>
      </Output>
    </UnitTestResult>
    <UnitTestResult executionId="dc8850a6-17fa-4dac-b4f1-7d37d6b5f510" testId="b65480e2-194e-4e18-b515-27029d66b905" testName="WhenSuccess_MapMortgageAttributes" computerName="ip-10-8-96-225" duration="00:00:00.0077818" startTime="2023-10-04T13:20:17.1297292+00:00" endTime="2023-10-04T13:20:17.1375858+00:00" testType="13cdc9d9-ddb5-4fa4-a97d-d965ccfc6d4b" outcome="Passed" testListId="8c84fa94-04c1-424b-9868-57a2d4851a1d" relativeResultsDirectory="dc8850a6-17fa-4dac-b4f1-7d37d6b5f510" />
    <UnitTestResult executionId="35eb5ad1-70ba-4edb-856e-b805d2b8caef" testId="ec595201-9fc7-4c4a-baa7-7f08e252cbf6" testName="IntradayController_AccountRoute_SyncACCOUNTS_SingleTimeFaked_Sync" computerName="ip-10-8-96-225" duration="00:00:00.0037348" startTime="2023-10-04T13:19:48.0069328+00:00" endTime="2023-10-04T13:19:48.0107398+00:00" testType="13cdc9d9-ddb5-4fa4-a97d-d965ccfc6d4b" outcome="Passed" testListId="8c84fa94-04c1-424b-9868-57a2d4851a1d" relativeResultsDirectory="35eb5ad1-70ba-4edb-856e-b805d2b8caef" />
    <UnitTestResult executionId="255ee946-8c44-44a8-9ae1-a96223cc29b0" testId="645f3c65-40b0-4228-812c-1379cc157f2a" testName="EDocs_GetAccountDocumentLinks_BadUrl_ExpectFailure" computerName="ip-10-8-96-225" duration="00:00:00.0012686" startTime="2023-10-04T13:20:59.3878872+00:00" endTime="2023-10-04T13:20:59.3893269+00:00" testType="13cdc9d9-ddb5-4fa4-a97d-d965ccfc6d4b" outcome="Passed" testListId="8c84fa94-04c1-424b-9868-57a2d4851a1d" relativeResultsDirectory="255ee946-8c44-44a8-9ae1-a96223cc29b0" />
    <UnitTestResult executionId="cee45985-52ec-4708-aa31-6251b19a4cf5" testId="7a07a84f-bb79-4726-9642-5335d24282f6" testName="WhenBusinessFoundByDebitNumberAndTaxIdMatches_DD_NoSFCif_NotFoundInSF_FoundInSignature_ThenSuccess (DD)" computerName="ip-10-8-96-225" duration="00:00:00.1836150" startTime="2023-10-04T13:17:51.7947690+00:00" endTime="2023-10-04T13:17:51.9785830+00:00" testType="13cdc9d9-ddb5-4fa4-a97d-d965ccfc6d4b" outcome="Passed" testListId="8c84fa94-04c1-424b-9868-57a2d4851a1d" relativeResultsDirectory="cee45985-52ec-4708-aa31-6251b19a4cf5">
      <Output>
        <StdOut>\u001b[40m\u001b[32minfo\u001b[39m\u001b[22m\u001b[49m: D3.CoreLive.Service.WorkerServices.VerifyUserWS[0]
      Customer Found With 1 Account(s)
\u001b[40m\u001b[32minfo\u001b[39m\u001b[22m\u001b[49m: D3.CoreLive.Service.WorkerServices.VerifyUserWS[0]
      Customer Verified With Card Account
\u001b[40m\u001b[32minfo\u001b[39m\u001b[22m\u001b[49m: D3.CoreLive.Service.WorkerServices.VerifyUserWS[0]
      User Verification Succeeded with null userId.  New userId has been generated
\u001b[40m\u001b[32minfo\u001b[39m\u001b[22m\u001b[49m: D3.CoreLive.Service.WorkerServices.VerifyUserWS[0]
      User Not Found In Entity
\u001b[40m\u001b[32minfo\u001b[39m\u001b[22m\u001b[49m: D3.CoreLive.Service.WorkerServices.VerifyUserWS[0]
      Customer Found With 1 Account(s)
\u001b[40m\u001b[32minfo\u001b[39m\u001b[22m\u001b[49m: D3.CoreLive.Service.WorkerServices.VerifyUserWS[0]
      Customer Verified With Card Account



Debug Trace:
Debug - CustomerListInquiryWS:BuildCustomerListInquiryRequest - request id 78d5a3ab-db76-4b8c-b42e-d6ae164ab750
Debug - AccountInquiryWS:GetCustomer - request id 80d4d4d7-14f5-4bd4-9598-1bf322735cdb started for UID ABCD2342342342</StdOut>
      </Output>
    </UnitTestResult>
    <UnitTestResult executionId="66492578-5673-4c8c-be4f-6c91cf22e563" testId="a608b962-29b5-49c6-a432-48535bb6f5ff" testName="onDemandController_SyncALL_SingleTimeFaked_Sync" computerName="ip-10-8-96-225" duration="00:00:00.0099212" startTime="2023-10-04T13:19:47.6613757+00:00" endTime="2023-10-04T13:19:47.6713804+00:00" testType="13cdc9d9-ddb5-4fa4-a97d-d965ccfc6d4b" outcome="Passed" testListId="8c84fa94-04c1-424b-9868-57a2d4851a1d" relativeResultsDirectory="66492578-5673-4c8c-be4f-6c91cf22e563" />
    <UnitTestResult executionId="28cc9146-6ed4-4d61-a61e-00198833c63c" testId="d51a80bc-1052-4784-9a04-0bba5d4dc82c" testName="IntradayHandler_AccountsByUserIdAllStatus_CatchBadSnowflakeResult" computerName="ip-10-8-96-225" duration="00:00:00.0064426" startTime="2023-10-04T13:19:48.6471537+00:00" endTime="2023-10-04T13:19:48.6536720+00:00" testType="13cdc9d9-ddb5-4fa4-a97d-d965ccfc6d4b" outcome="Passed" testListId="8c84fa94-04c1-424b-9868-57a2d4851a1d" relativeResultsDirectory="28cc9146-6ed4-4d61-a61e-00198833c63c" />
    <UnitTestResult executionId="0aee72b6-e114-476c-a803-5bd26c9e4e00" testId="bbe1e233-08a4-4f34-8af7-7d9a5768cb65" testName="WhenFromAccountIsNotDDAOrLNAccount_TransferFundsFailsWith400" computerName="ip-10-8-96-225" duration="00:00:00.1525068" startTime="2023-10-04T13:17:33.0879893+00:00" endTime="2023-10-04T13:17:33.2406100+00:00" testType="13cdc9d9-ddb5-4fa4-a97d-d965ccfc6d4b" outcome="Passed" testListId="8c84fa94-04c1-424b-9868-57a2d4851a1d" relativeResultsDirectory="0aee72b6-e114-476c-a803-5bd26c9e4e00" />
    <UnitTestResult executionId="157aecf3-d1d7-49ee-afb9-316803067120" testId="fe9d1f4f-858c-40c4-a5a2-e49be7b1b463" testName="WhenLoanServPaymentAvailableBalanceLow_TransferFailsWith400" computerName="ip-10-8-96-225" duration="00:00:00.1527985" startTime="2023-10-04T13:17:36.0804907+00:00" endTime="2023-10-04T13:17:36.2334036+00:00" testType="13cdc9d9-ddb5-4fa4-a97d-d965ccfc6d4b" outcome="Passed" testListId="8c84fa94-04c1-424b-9868-57a2d4851a1d" relativeResultsDirectory="157aecf3-d1d7-49ee-afb9-316803067120" />
    <UnitTestResult executionId="b10d789c-cfa2-4361-9118-0bdcbbfc7006" testId="18d70aff-7482-44a6-8460-b0fdae09602f" testName="EventBridge_Controller_NoContent" computerName="ip-10-8-96-225" duration="00:00:02.8738558" startTime="2023-10-04T13:20:30.6356464+00:00" endTime="2023-10-04T13:20:33.5096341+00:00" testType="13cdc9d9-ddb5-4fa4-a97d-d965ccfc6d4b" outcome="Passed" testListId="8c84fa94-04c1-424b-9868-57a2d4851a1d" relativeResultsDirectory="b10d789c-cfa2-4361-9118-0bdcbbfc7006">
      <Output>
        <StdOut>CommunicatorBaseUri is http://localhost:5011/
loanServ.BaseUri is https://api.sharedsvcs-nonprod.asb.local/
eDocs.NautilusBaseUrl is http://nautilus.d3couple.local/
OpenTelemetry tracing is disabled, make sure the keys (DynaTraceToken, DynaTraceTenantID, DynaTraceTraceUrl) are in the secret/configuration



Debug Trace:
Using EIS Private service at : https://api.sharedsvcs-nonprod.asb.local/
Using EIS Private service at : https://api-origin.dev.associatedbankservices.com/api/dev/addrssparsr</StdOut>
      </Output>
    </UnitTestResult>
    <UnitTestResult executionId="703ea8c1-042b-4196-92a1-7ee8dc8abf36" testId="ce2cd18e-21b8-4ee1-9266-16d30e1fa95a" testName="CoreLive_Rest_StopPayment_AccountNotFound" computerName="ip-10-8-96-225" duration="00:00:02.2263776" startTime="2023-10-04T13:18:38.3262564+00:00" endTime="2023-10-04T13:18:40.5527728+00:00" testType="13cdc9d9-ddb5-4fa4-a97d-d965ccfc6d4b" outcome="Passed" testListId="8c84fa94-04c1-424b-9868-57a2d4851a1d" relativeResultsDirectory="703ea8c1-042b-4196-92a1-7ee8dc8abf36">
      <Output>
        <StdOut>CommunicatorBaseUri is http://localhost:5011/
loanServ.BaseUri is https://api.sharedsvcs-nonprod.asb.local/
eDocs.NautilusBaseUrl is http://nautilus.d3couple.local/
OpenTelemetry tracing is disabled, make sure the keys (DynaTraceToken, DynaTraceTenantID, DynaTraceTraceUrl) are in the secret/configuration



Debug Trace:
Using EIS Private service at : https://api.sharedsvcs-nonprod.asb.local/
Using EIS Private service at : https://api-origin.dev.associatedbankservices.com/api/dev/addrssparsr</StdOut>
      </Output>
    </UnitTestResult>
    <UnitTestResult executionId="82feec88-ef66-4286-a52e-5b431b7f1850" testId="b5adafa0-27ee-42d4-a325-839aaac58dc5" testName="IntradayHandlerLoanTests_CreateTransactionID2" computerName="ip-10-8-96-225" duration="00:00:00.0002599" startTime="2023-10-04T13:19:48.2330392+00:00" endTime="2023-10-04T13:19:48.2333925+00:00" testType="13cdc9d9-ddb5-4fa4-a97d-d965ccfc6d4b" outcome="Passed" testListId="8c84fa94-04c1-424b-9868-57a2d4851a1d" relativeResultsDirectory="82feec88-ef66-4286-a52e-5b431b7f1850" />
    <UnitTestResult executionId="5c628fa7-1e65-4b3a-9a6f-edacd2a5d9ee" testId="6993c9fc-9e25-4c67-8033-9d4f17aa3a70" testName="WhenFromAccountIsFL_TransferFundsFailsWith400" computerName="ip-10-8-96-225" duration="00:00:00.1902224" startTime="2023-10-04T13:17:33.2409029+00:00" endTime="2023-10-04T13:17:33.4312525+00:00" testType="13cdc9d9-ddb5-4fa4-a97d-d965ccfc6d4b" outcome="Passed" testListId="8c84fa94-04c1-424b-9868-57a2d4851a1d" relativeResultsDirectory="5c628fa7-1e65-4b3a-9a6f-edacd2a5d9ee" />
    <UnitTestResult executionId="525c6670-ea41-4f8b-9e85-c93fbd2a1b3c" testId="c833b250-e2c3-436f-84c3-dc3c7718ccc2" testName="IntradayREST_Heloc_SNSPublished" computerName="ip-10-8-96-225" duration="00:00:03.8150092" startTime="2023-10-04T13:20:03.8505440+00:00" endTime="2023-10-04T13:20:07.6657126+00:00" testType="13cdc9d9-ddb5-4fa4-a97d-d965ccfc6d4b" outcome="Passed" testListId="8c84fa94-04c1-424b-9868-57a2d4851a1d" relativeResultsDirectory="525c6670-ea41-4f8b-9e85-c93fbd2a1b3c">
      <Output>
        <StdOut>CommunicatorBaseUri is http://localhost:5011/
loanServ.BaseUri is https://api.sharedsvcs-nonprod.asb.local/
eDocs.NautilusBaseUrl is http://nautilus.d3couple.local/
OpenTelemetry tracing is disabled, make sure the keys (DynaTraceToken, DynaTraceTenantID, DynaTraceTraceUrl) are in the secret/configuration



Debug Trace:
Using EIS Private service at : https://api.sharedsvcs-nonprod.asb.local/
Using EIS Private service at : https://api-origin.dev.associatedbankservices.com/api/dev/addrssparsr</StdOut>
      </Output>
    </UnitTestResult>
    <UnitTestResult executionId="17fcd325-ccf7-4a41-876b-85329a74f4da" testId="73a88c6f-821c-42c2-a92b-ac6ceea8eefe" testName="IntradayHandler_GetSignatureAccountsSuccess" computerName="ip-10-8-96-225" duration="00:00:00.0042462" startTime="2023-10-04T13:19:48.4291082+00:00" endTime="2023-10-04T13:19:48.4334693+00:00" testType="13cdc9d9-ddb5-4fa4-a97d-d965ccfc6d4b" outcome="Passed" testListId="8c84fa94-04c1-424b-9868-57a2d4851a1d" relativeResultsDirectory="17fcd325-ccf7-4a41-876b-85329a74f4da" />
    <UnitTestResult executionId="52c28833-ff89-4b54-a4f4-ee3dd14e9202" testId="bd62c993-c611-4e29-8ca9-33a01aa75382" testName="EDocs_GetUserEDocumentListByType_InvalidType_ExpectError" computerName="ip-10-8-96-225" duration="00:00:00.0011659" startTime="2023-10-04T13:21:02.3350593+00:00" endTime="2023-10-04T13:21:02.3363411+00:00" testType="13cdc9d9-ddb5-4fa4-a97d-d965ccfc6d4b" outcome="Passed" testListId="8c84fa94-04c1-424b-9868-57a2d4851a1d" relativeResultsDirectory="52c28833-ff89-4b54-a4f4-ee3dd14e9202" />
    <UnitTestResult executionId="29d412e6-8592-4e42-8ee8-5aeae19238cd" testId="b511b714-0e6c-4c65-b161-a9df3a0dfcfe" testName="IntradayHandlerLoanTests_GetAccounts_LNHelocOnly" computerName="ip-10-8-96-225" duration="00:00:00.0041311" startTime="2023-10-04T13:19:48.0393463+00:00" endTime="2023-10-04T13:19:48.2144203+00:00" testType="13cdc9d9-ddb5-4fa4-a97d-d965ccfc6d4b" outcome="Passed" testListId="8c84fa94-04c1-424b-9868-57a2d4851a1d" relativeResultsDirectory="29d412e6-8592-4e42-8ee8-5aeae19238cd" />
    <UnitTestResult executionId="43e98c68-c230-41ab-93c6-07699ef6fdc4" testId="e251e6e3-da88-4e91-bfa9-eb12d02f1b33" testName="CreditCardAccountInquiryHandler_500" computerName="ip-10-8-96-225" duration="00:00:00.0017932" startTime="2023-10-04T13:20:18.3206293+00:00" endTime="2023-10-04T13:20:18.3224989+00:00" testType="13cdc9d9-ddb5-4fa4-a97d-d965ccfc6d4b" outcome="Passed" testListId="8c84fa94-04c1-424b-9868-57a2d4851a1d" relativeResultsDirectory="43e98c68-c230-41ab-93c6-07699ef6fdc4">
      <Output>
        <StdOut>Debug Trace:
CreditCardAccountInquiryResponse last4 of ElanUID test</StdOut>
      </Output>
    </UnitTestResult>
    <UnitTestResult executionId="f24520bb-2a2f-4708-be9b-fcfd19faff8d" testId="b3aeb2bc-5712-43ce-9e24-37cfe1907ca8" testName="IntradayHandlerLoanTests_CreateTransaction_WithTranMemoDesc" computerName="ip-10-8-96-225" duration="00:00:00.0002333" startTime="2023-10-04T13:19:48.2394983+00:00" endTime="2023-10-04T13:19:48.2398128+00:00" testType="13cdc9d9-ddb5-4fa4-a97d-d965ccfc6d4b" outcome="Passed" testListId="8c84fa94-04c1-424b-9868-57a2d4851a1d" relativeResultsDirectory="f24520bb-2a2f-4708-be9b-fcfd19faff8d" />
    <UnitTestResult executionId="7e61a4a1-4de1-4325-b0bd-e100d0090ec9" testId="6a5ad898-6d01-4358-8579-ebb234b69f3d" testName="CustomerInquiryWS_GetCustomer_BadUid_Fail" computerName="ip-10-8-96-225" duration="00:00:00.2497572" startTime="2023-10-04T13:16:48.8171884+00:00" endTime="2023-10-04T13:16:49.0671000+00:00" testType="13cdc9d9-ddb5-4fa4-a97d-d965ccfc6d4b" outcome="Passed" testListId="8c84fa94-04c1-424b-9868-57a2d4851a1d" relativeResultsDirectory="7e61a4a1-4de1-4325-b0bd-e100d0090ec9">
      <Output>
        <StdOut>\u001b[41m\u001b[30mfail\u001b[39m\u001b[22m\u001b[49m: D3.CoreLive.Service.WorkerServices.CustomerInquiryWS[0]
      AccountInquiryWS:GetCustomer Failed() &lt;?xml version="1.0" encoding="utf-16"?&gt;
      &lt;IFX xmlns:xsi="http://www.w3.org/2001/XMLSchema-instance" xmlns:xsd="http://www.w3.org/2001/XMLSchema"&gt;
        &lt;GeneralStatus&gt;
          &lt;StatusCode&gt;100&lt;/StatusCode&gt;
          &lt;StatusLevel&gt;Message&lt;/StatusLevel&gt;
          &lt;StatusDesc&gt;General Error&lt;/StatusDesc&gt;
          &lt;ErrNum&gt;HC00117&lt;/ErrNum&gt;
          &lt;ErrDesc&gt;Customer record not found&lt;/ErrDesc&gt;
        &lt;/GeneralStatus&gt;
        &lt;Status&gt;
          &lt;StatusCode&gt;100&lt;/StatusCode&gt;
          &lt;Severity&gt;Error&lt;/Severity&gt;
          &lt;StatusDesc&gt;General Error&lt;/StatusDesc&gt;
          &lt;StatusType&gt;NonFatal&lt;/StatusType&gt;
          &lt;SupportUID&gt;01d5254f-8751-400f-bdf0-53edbb31018d&lt;/SupportUID&gt;
          &lt;Error&gt;
            &lt;Source&gt;CBS Host&lt;/Source&gt;
            &lt;ErrNum&gt;HC00117&lt;/ErrNum&gt;
            &lt;ErrDesc&gt;Customer record not found&lt;/ErrDesc&gt;
            &lt;ErrField&gt;HCACCESS&lt;/ErrField&gt;
            &lt;SupportUID&gt;01d5254f-8751-400f-bdf0-53edbb31018d&lt;/SupportUID&gt;
          &lt;/Error&gt;
        &lt;/Status&gt;
        &lt;EnvironmentInfo&gt;
          &lt;EnvironmentName&gt;Mock&lt;/EnvironmentName&gt;
        &lt;/EnvironmentInfo&gt;
        &lt;SignonRs&gt;
          &lt;Status&gt;
            &lt;StatusCode&gt;0&lt;/StatusCode&gt;
            &lt;Severity&gt;Info&lt;/Severity&gt;
            &lt;StatusDesc&gt;The request was processed successfully.&lt;/StatusDesc&gt;
            &lt;SupportUID&gt;ca073b55-6ae9-49de-af2e-ba30b0174b3f&lt;/SupportUID&gt;
          &lt;/Status&gt;
          &lt;SignonRole&gt;CSR&lt;/SignonRole&gt;
          &lt;CustId&gt;
            &lt;SPName&gt;FiservCBS&lt;/SPName&gt;
            &lt;CustLoginId&gt;SVCESBABLUA&lt;/CustLoginId&gt;
          &lt;/CustId&gt;
          &lt;GenSessKey&gt;0&lt;/GenSessKey&gt;
          &lt;ClientDt&gt;
            &lt;Year /&gt;
            &lt;Month /&gt;
            &lt;Day /&gt;
            &lt;Hour /&gt;
            &lt;Minute /&gt;
            &lt;Second /&gt;
          &lt;/ClientDt&gt;
          &lt;ClientApp&gt;
            &lt;Org&gt;Fiserv&lt;/Org&gt;
            &lt;Name&gt;COMMADMIN&lt;/Name&gt;
            &lt;ClientAppKey&gt;ABCWISCOZUSBYNBKWDMWFYICGPREAEPN&lt;/ClientAppKey&gt;
          &lt;/ClientApp&gt;
          &lt;ServerDt&gt;
            &lt;Year&gt;2023&lt;/Year&gt;
            &lt;Month&gt;10&lt;/Month&gt;
            &lt;Day&gt;04&lt;/Day&gt;
            &lt;Hour&gt;13&lt;/Hour&gt;
            &lt;Minute&gt;16&lt;/Minute&gt;
            &lt;Second&gt;49&lt;/Second&gt;
            &lt;Fraction&gt;344000&lt;/Fraction&gt;
            &lt;UTCOffset&gt;-300&lt;/UTCOffset&gt;
          &lt;/ServerDt&gt;
          &lt;Language&gt;en-US&lt;/Language&gt;
          &lt;PersonName&gt;
            &lt;FirstName updateflag="1"&gt;SVCESBABLUA&lt;/FirstName&gt;
            &lt;LastName updateflag="1"&gt;SVCESBABLUA&lt;/LastName&gt;
          &lt;/PersonName&gt;
        &lt;/SignonRs&gt;
        &lt;CIFSvcRs&gt;
          &lt;Status&gt;
            &lt;StatusCode&gt;100&lt;/StatusCode&gt;
            &lt;Severity&gt;Error&lt;/Severity&gt;
            &lt;StatusDesc&gt;General Error&lt;/StatusDesc&gt;
            &lt;StatusType&gt;NonFatal&lt;/StatusType&gt;
            &lt;SupportUID&gt;01d5254f-8751-400f-bdf0-53edbb31018d&lt;/SupportUID&gt;
            &lt;Error&gt;
              &lt;Source&gt;CBS Host&lt;/Source&gt;
              &lt;ErrNum&gt;HC00117&lt;/ErrNum&gt;
              &lt;ErrDesc&gt;Customer record not found&lt;/ErrDesc&gt;
              &lt;ErrField&gt;HCACCESS&lt;/ErrField&gt;
              &lt;SupportUID&gt;01d5254f-8751-400f-bdf0-53edbb31018d&lt;/SupportUID&gt;
            &lt;/Error&gt;
          &lt;/Status&gt;
          &lt;CustInqRs&gt;
            &lt;Status&gt;
              &lt;StatusCode&gt;100&lt;/StatusCode&gt;
              &lt;Severity&gt;Error&lt;/Severity&gt;
              &lt;StatusDesc&gt;General Error&lt;/StatusDesc&gt;
              &lt;StatusType&gt;NonFatal&lt;/StatusType&gt;
              &lt;SupportUID&gt;01d5254f-8751-400f-bdf0-53edbb31018d&lt;/SupportUID&gt;
              &lt;Error&gt;
                &lt;Source&gt;CBS Host&lt;/Source&gt;
                &lt;ErrNum&gt;HC00117&lt;/ErrNum&gt;
                &lt;ErrDesc&gt;Customer record not found&lt;/ErrDesc&gt;
                &lt;ErrField&gt;HCACCESS&lt;/ErrField&gt;
                &lt;SupportUID&gt;01d5254f-8751-400f-bdf0-53edbb31018d&lt;/SupportUID&gt;
              &lt;/Error&gt;
            &lt;/Status&gt;
          &lt;/CustInqRs&gt;
        &lt;/CIFSvcRs&gt;
      &lt;/IFX&gt;</StdOut>
      </Output>
    </UnitTestResult>
    <UnitTestResult executionId="7280ffeb-aed8-491f-a330-f057a749eea1" testId="ffb86977-a1b9-4889-bb4f-535bef58cb0a" testName="IntradayController_AccountRoute_SyncTRANSACTIONS_SingleSignatureLoanFaked_Sync" computerName="ip-10-8-96-225" duration="00:00:00.0045374" startTime="2023-10-04T13:19:47.9846655+00:00" endTime="2023-10-04T13:19:47.9892726+00:00" testType="13cdc9d9-ddb5-4fa4-a97d-d965ccfc6d4b" outcome="Passed" testListId="8c84fa94-04c1-424b-9868-57a2d4851a1d" relativeResultsDirectory="7280ffeb-aed8-491f-a330-f057a749eea1" />
    <UnitTestResult executionId="f5c237fd-560f-49cc-85ac-a2c9e1e1c007" testId="fbec9bbf-0799-4b84-9215-5a9630504797" testName="IntradayController_AccountRoute_SyncTypeBob_Invalid" computerName="ip-10-8-96-225" duration="00:00:00.0012038" startTime="2023-10-04T13:19:47.9911211+00:00" endTime="2023-10-04T13:19:47.9923915+00:00" testType="13cdc9d9-ddb5-4fa4-a97d-d965ccfc6d4b" outcome="Passed" testListId="8c84fa94-04c1-424b-9868-57a2d4851a1d" relativeResultsDirectory="f5c237fd-560f-49cc-85ac-a2c9e1e1c007" />
    <UnitTestResult executionId="5088c116-af50-4f36-8d18-623c83549efa" testId="613e83b6-77fe-4ab4-b44c-a72c2f02d517" testName="WhenValidAddress_ThenSuccessReturned" computerName="ip-10-8-96-225" duration="00:00:01.2258025" startTime="2023-10-04T13:19:19.1140449+00:00" endTime="2023-10-04T13:19:23.0479892+00:00" testType="13cdc9d9-ddb5-4fa4-a97d-d965ccfc6d4b" outcome="Passed" testListId="8c84fa94-04c1-424b-9868-57a2d4851a1d" relativeResultsDirectory="5088c116-af50-4f36-8d18-623c83549efa">
      <Output>
        <StdOut>CommunicatorBaseUri is http://localhost:5011/
loanServ.BaseUri is https://api.sharedsvcs-nonprod.asb.local/
eDocs.NautilusBaseUrl is http://nautilus.d3couple.local/
OpenTelemetry tracing is disabled, make sure the keys (DynaTraceToken, DynaTraceTenantID, DynaTraceTraceUrl) are in the secret/configuration



Debug Trace:
Using EIS Private service at : https://api.sharedsvcs-nonprod.asb.local/
Using EIS Private service at : https://api-origin.dev.associatedbankservices.com/api/dev/addrssparsr</StdOut>
      </Output>
    </UnitTestResult>
    <UnitTestResult executionId="024580c4-67a0-4a07-bd4b-42cf6bdf30f5" testId="d64e60cc-8a74-47ff-8331-aec1368774c7" testName="UpdateProfileAddress_SimulateWSErrorResponse" computerName="ip-10-8-96-225" duration="00:00:02.5821145" startTime="2023-10-04T13:19:01.6826441+00:00" endTime="2023-10-04T13:19:04.2648922+00:00" testType="13cdc9d9-ddb5-4fa4-a97d-d965ccfc6d4b" outcome="Passed" testListId="8c84fa94-04c1-424b-9868-57a2d4851a1d" relativeResultsDirectory="024580c4-67a0-4a07-bd4b-42cf6bdf30f5">
      <Output>
        <StdOut>CommunicatorBaseUri is http://localhost:5011/
loanServ.BaseUri is https://api.sharedsvcs-nonprod.asb.local/
eDocs.NautilusBaseUrl is http://nautilus.d3couple.local/
OpenTelemetry tracing is disabled, make sure the keys (DynaTraceToken, DynaTraceTenantID, DynaTraceTraceUrl) are in the secret/configuration



Debug Trace:
Using EIS Private service at : https://api.sharedsvcs-nonprod.asb.local/
Using EIS Private service at : https://api-origin.dev.associatedbankservices.com/api/dev/addrssparsr</StdOut>
      </Output>
    </UnitTestResult>
    <UnitTestResult executionId="4fb2831e-cd8e-4f7d-a2be-759c1a812804" testId="32aadd26-41a5-4172-885d-123d1e326d2d" testName="SetConduitUserAttribute_Success" computerName="ip-10-8-96-225" duration="00:00:00.0014894" startTime="2023-10-04T13:21:08.6396266+00:00" endTime="2023-10-04T13:21:08.6415618+00:00" testType="13cdc9d9-ddb5-4fa4-a97d-d965ccfc6d4b" outcome="Passed" testListId="8c84fa94-04c1-424b-9868-57a2d4851a1d" relativeResultsDirectory="4fb2831e-cd8e-4f7d-a2be-759c1a812804" />
    <UnitTestResult executionId="faddcd15-36c5-4ac0-92e4-a6ebe51df7d8" testId="0c29c8d2-8bcc-44e7-9eb3-775ba23be80d" testName="UpdateProfileContacts_SimulateCIFTranslationFailed" computerName="ip-10-8-96-225" duration="00:00:03.2314648" startTime="2023-10-04T13:19:13.3510907+00:00" endTime="2023-10-04T13:19:16.5827066+00:00" testType="13cdc9d9-ddb5-4fa4-a97d-d965ccfc6d4b" outcome="Passed" testListId="8c84fa94-04c1-424b-9868-57a2d4851a1d" relativeResultsDirectory="faddcd15-36c5-4ac0-92e4-a6ebe51df7d8">
      <Output>
        <StdOut>CommunicatorBaseUri is http://localhost:5011/
loanServ.BaseUri is https://api.sharedsvcs-nonprod.asb.local/
eDocs.NautilusBaseUrl is http://nautilus.d3couple.local/
OpenTelemetry tracing is disabled, make sure the keys (DynaTraceToken, DynaTraceTenantID, DynaTraceTraceUrl) are in the secret/configuration



Debug Trace:
Using EIS Private service at : https://api.sharedsvcs-nonprod.asb.local/
Using EIS Private service at : https://api-origin.dev.associatedbankservices.com/api/dev/addrssparsr</StdOut>
      </Output>
    </UnitTestResult>
    <UnitTestResult executionId="38fd6a0d-3c5f-4df8-9fa7-781af3caeb9a" testId="b641acb9-bcfa-402a-a1b3-b6c0ea1a3fec" testName="StopPaymentTests_Success" computerName="ip-10-8-96-225" duration="00:00:00.1564174" startTime="2023-10-04T13:17:38.0169429+00:00" endTime="2023-10-04T13:17:38.1736745+00:00" testType="13cdc9d9-ddb5-4fa4-a97d-d965ccfc6d4b" outcome="Passed" testListId="8c84fa94-04c1-424b-9868-57a2d4851a1d" relativeResultsDirectory="38fd6a0d-3c5f-4df8-9fa7-781af3caeb9a" />
    <UnitTestResult executionId="99ba227f-0c28-4cb3-8f26-1b14f1dbd2b6" testId="05c686c8-6578-4b55-8b2d-0159b5ea07e2" testName="IntradayHandler_TACAccountBalanceShouldBePresent" computerName="ip-10-8-96-225" duration="00:00:00.0031490" startTime="2023-10-04T13:19:48.4247107+00:00" endTime="2023-10-04T13:19:48.4279542+00:00" testType="13cdc9d9-ddb5-4fa4-a97d-d965ccfc6d4b" outcome="Passed" testListId="8c84fa94-04c1-424b-9868-57a2d4851a1d" relativeResultsDirectory="99ba227f-0c28-4cb3-8f26-1b14f1dbd2b6" />
    <UnitTestResult executionId="e49edf3c-fadd-452d-8775-d4ce815bcd29" testId="9225adb1-8089-431a-a1af-48e71361317c" testName="EISClient_AddressParse_BadResponseMissingFields" computerName="ip-10-8-96-225" duration="00:00:00.0010726" startTime="2023-10-04T13:16:42.5400711+00:00" endTime="2023-10-04T13:16:42.5412343+00:00" testType="13cdc9d9-ddb5-4fa4-a97d-d965ccfc6d4b" outcome="Passed" testListId="8c84fa94-04c1-424b-9868-57a2d4851a1d" relativeResultsDirectory="e49edf3c-fadd-452d-8775-d4ce815bcd29" />
    <UnitTestResult executionId="12e6baaa-bed4-459c-b324-32c30b09ab8e" testId="c9111eca-7307-4783-a161-4a4b2a2fa30f" testName="UpdateProfile_ProfileUpdateFailure" computerName="ip-10-8-96-225" duration="00:00:00.1963059" startTime="2023-10-04T13:17:43.8962246+00:00" endTime="2023-10-04T13:17:44.0928523+00:00" testType="13cdc9d9-ddb5-4fa4-a97d-d965ccfc6d4b" outcome="Passed" testListId="8c84fa94-04c1-424b-9868-57a2d4851a1d" relativeResultsDirectory="12e6baaa-bed4-459c-b324-32c30b09ab8e" />
    <UnitTestResult executionId="42469f8d-e237-418d-be6b-723ad9b4c8e9" testId="945f5d33-f3fa-47c6-928e-7604afcfae23" testName="PersoneticsController_NotGetInsightsLanguageModifier_Success" computerName="ip-10-8-96-225" duration="00:00:00.0037153" startTime="2023-10-04T13:19:36.0948190+00:00" endTime="2023-10-04T13:19:36.0986740+00:00" testType="13cdc9d9-ddb5-4fa4-a97d-d965ccfc6d4b" outcome="Passed" testListId="8c84fa94-04c1-424b-9868-57a2d4851a1d" relativeResultsDirectory="42469f8d-e237-418d-be6b-723ad9b4c8e9" />
    <UnitTestResult executionId="c322bc5d-7d22-4db9-9a50-aa96fe21ac24" testId="f638e80b-aa9d-4609-bea9-aa8001da0adb" testName="When1037TransHasSameFields_CreateUniqueKey" computerName="ip-10-8-96-225" duration="00:00:00.0020572" startTime="2023-10-04T13:20:17.1590708+00:00" endTime="2023-10-04T13:20:17.1611957+00:00" testType="13cdc9d9-ddb5-4fa4-a97d-d965ccfc6d4b" outcome="Passed" testListId="8c84fa94-04c1-424b-9868-57a2d4851a1d" relativeResultsDirectory="c322bc5d-7d22-4db9-9a50-aa96fe21ac24" />
    <UnitTestResult executionId="56ac0ef6-855d-4d8d-aa0f-4cafff8ad47f" testId="083a1cc1-b254-477c-b074-dcfbb8f879dd" testName="CoreLive_Rest_StopPaymentRange_BadAccount" computerName="ip-10-8-96-225" duration="00:00:01.9059006" startTime="2023-10-04T13:18:15.2348891+00:00" endTime="2023-10-04T13:18:17.1409273+00:00" testType="13cdc9d9-ddb5-4fa4-a97d-d965ccfc6d4b" outcome="Passed" testListId="8c84fa94-04c1-424b-9868-57a2d4851a1d" relativeResultsDirectory="56ac0ef6-855d-4d8d-aa0f-4cafff8ad47f">
      <Output>
        <StdOut>CommunicatorBaseUri is http://localhost:5011/
loanServ.BaseUri is https://api.sharedsvcs-nonprod.asb.local/
eDocs.NautilusBaseUrl is http://nautilus.d3couple.local/
OpenTelemetry tracing is disabled, make sure the keys (DynaTraceToken, DynaTraceTenantID, DynaTraceTraceUrl) are in the secret/configuration



Debug Trace:
Using EIS Private service at : https://api.sharedsvcs-nonprod.asb.local/
Using EIS Private service at : https://api-origin.dev.associatedbankservices.com/api/dev/addrssparsr</StdOut>
      </Output>
    </UnitTestResult>
    <UnitTestResult executionId="04544e1e-a02b-4d68-8173-0fe4da417f2f" testId="be8f3ea1-3265-46fc-9e9d-6b2a3e467d27" testName="WhenPO2Address2_ThenFailureReturned" computerName="ip-10-8-96-225" duration="00:00:00.0018043" startTime="2023-10-04T13:19:23.4773937+00:00" endTime="2023-10-04T13:19:23.4792743+00:00" testType="13cdc9d9-ddb5-4fa4-a97d-d965ccfc6d4b" outcome="Passed" testListId="8c84fa94-04c1-424b-9868-57a2d4851a1d" relativeResultsDirectory="04544e1e-a02b-4d68-8173-0fe4da417f2f" />
    <UnitTestResult executionId="d0995823-cb6f-4be7-802e-7314ceebd170" testId="55a86bab-7c87-418f-8638-c95c66b09cc9" testName="WhenLoanServDrawSucceeds_TransferSucceedsWith200" computerName="ip-10-8-96-225" duration="00:00:00.1509895" startTime="2023-10-04T13:17:34.8260375+00:00" endTime="2023-10-04T13:17:34.9771673+00:00" testType="13cdc9d9-ddb5-4fa4-a97d-d965ccfc6d4b" outcome="Passed" testListId="8c84fa94-04c1-424b-9868-57a2d4851a1d" relativeResultsDirectory="d0995823-cb6f-4be7-802e-7314ceebd170" />
    <UnitTestResult executionId="c37c8eb3-bf9b-4199-ae18-d0db719fcc59" testId="a2fbd2ff-b8f6-4e01-afcb-fa8de0672b49" testName="IntradayHandlerTime_GetAccounts_OnlyClosed" computerName="ip-10-8-96-225" duration="00:00:00.0017891" startTime="2023-10-04T13:19:48.8095401+00:00" endTime="2023-10-04T13:19:48.8114145+00:00" testType="13cdc9d9-ddb5-4fa4-a97d-d965ccfc6d4b" outcome="Passed" testListId="8c84fa94-04c1-424b-9868-57a2d4851a1d" relativeResultsDirectory="c37c8eb3-bf9b-4199-ae18-d0db719fcc59" />
    <UnitTestResult executionId="d1558697-33ed-49f3-b2bf-32a464ca0e62" testId="baec9a34-662b-48ee-819d-dbd9f006be4b" testName="EventBridge_Controller_SNSDisabled" computerName="ip-10-8-96-225" duration="00:00:02.5939247" startTime="2023-10-04T13:20:20.3348946+00:00" endTime="2023-10-04T13:20:22.9290550+00:00" testType="13cdc9d9-ddb5-4fa4-a97d-d965ccfc6d4b" outcome="Passed" testListId="8c84fa94-04c1-424b-9868-57a2d4851a1d" relativeResultsDirectory="d1558697-33ed-49f3-b2bf-32a464ca0e62">
      <Output>
        <StdOut>CommunicatorBaseUri is http://localhost:5011/
loanServ.BaseUri is https://api.sharedsvcs-nonprod.asb.local/
eDocs.NautilusBaseUrl is http://nautilus.d3couple.local/
OpenTelemetry tracing is disabled, make sure the keys (DynaTraceToken, DynaTraceTenantID, DynaTraceTraceUrl) are in the secret/configuration



Debug Trace:
Using EIS Private service at : https://api.sharedsvcs-nonprod.asb.local/
Using EIS Private service at : https://api-origin.dev.associatedbankservices.com/api/dev/addrssparsr</StdOut>
      </Output>
    </UnitTestResult>
    <UnitTestResult executionId="5ed37ff1-b6fb-4a19-bcec-58a6ba9e0086" testId="ad7af026-9fae-4f46-a63f-8f8fc805cdcf" testName="When1037Fails_ReturnFailure" computerName="ip-10-8-96-225" duration="00:00:00.0056692" startTime="2023-10-04T13:20:17.1436274+00:00" endTime="2023-10-04T13:20:17.1497420+00:00" testType="13cdc9d9-ddb5-4fa4-a97d-d965ccfc6d4b" outcome="Passed" testListId="8c84fa94-04c1-424b-9868-57a2d4851a1d" relativeResultsDirectory="5ed37ff1-b6fb-4a19-bcec-58a6ba9e0086" />
    <UnitTestResult executionId="7e195b8b-aa7c-4899-a7a1-68ae066c5abe" testId="029d2a59-73d7-4bcd-815d-e567a640e011" testName="WhenMortgage_ReturnSuccessfulAccount" computerName="ip-10-8-96-225" duration="00:00:00.0015439" startTime="2023-10-04T13:20:17.1395863+00:00" endTime="2023-10-04T13:20:17.1411874+00:00" testType="13cdc9d9-ddb5-4fa4-a97d-d965ccfc6d4b" outcome="Passed" testListId="8c84fa94-04c1-424b-9868-57a2d4851a1d" relativeResultsDirectory="7e195b8b-aa7c-4899-a7a1-68ae066c5abe" />
    <UnitTestResult executionId="6b184492-ed11-4b76-8971-9dbdf1b25ea6" testId="eca72b62-00c4-425b-b14e-610f280c1e9c" testName="EventBridge_Controller_IncompleteData" computerName="ip-10-8-96-225" duration="00:00:02.4507444" startTime="2023-10-04T13:20:28.1841592+00:00" endTime="2023-10-04T13:20:30.6350229+00:00" testType="13cdc9d9-ddb5-4fa4-a97d-d965ccfc6d4b" outcome="Passed" testListId="8c84fa94-04c1-424b-9868-57a2d4851a1d" relativeResultsDirectory="6b184492-ed11-4b76-8971-9dbdf1b25ea6">
      <Output>
        <StdOut>CommunicatorBaseUri is http://localhost:5011/
loanServ.BaseUri is https://api.sharedsvcs-nonprod.asb.local/
eDocs.NautilusBaseUrl is http://nautilus.d3couple.local/
OpenTelemetry tracing is disabled, make sure the keys (DynaTraceToken, DynaTraceTenantID, DynaTraceTraceUrl) are in the secret/configuration



Debug Trace:
Using EIS Private service at : https://api.sharedsvcs-nonprod.asb.local/
Using EIS Private service at : https://api-origin.dev.associatedbankservices.com/api/dev/addrssparsr</StdOut>
      </Output>
    </UnitTestResult>
    <UnitTestResult executionId="4a6419c3-c35e-4c10-93d0-c56875575db1" testId="8c1471e0-4cd5-4e0a-9864-a04a637de5b0" testName="EISClientTruvGetBridgerToken_SuccessTest" computerName="ip-10-8-96-225" duration="00:00:00.0058435" startTime="2023-10-04T13:16:43.6225169+00:00" endTime="2023-10-04T13:16:43.6284893+00:00" testType="13cdc9d9-ddb5-4fa4-a97d-d965ccfc6d4b" outcome="Passed" testListId="8c84fa94-04c1-424b-9868-57a2d4851a1d" relativeResultsDirectory="4a6419c3-c35e-4c10-93d0-c56875575db1" />
    <UnitTestResult executionId="3c8ecdd4-126d-4470-b91b-db02e9fad44d" testId="e81e4999-d4bd-4293-8a40-5630c27f9402" testName="EdocEnrollment_EnrollNotices_FailureResponseFromCommunicator" computerName="ip-10-8-96-225" duration="00:00:00.0079192" startTime="2023-10-04T13:20:47.4400793+00:00" endTime="2023-10-04T13:20:47.4481705+00:00" testType="13cdc9d9-ddb5-4fa4-a97d-d965ccfc6d4b" outcome="Passed" testListId="8c84fa94-04c1-424b-9868-57a2d4851a1d" relativeResultsDirectory="3c8ecdd4-126d-4470-b91b-db02e9fad44d" />
    <UnitTestResult executionId="6098b81f-c417-4d26-bec9-075793f969b5" testId="6b4c2b18-d4a0-45f1-b856-ae8413d34c87" testName="IntradayHandlerLoanTests_GetAccountsAndTransactions_LNHelocOnly" computerName="ip-10-8-96-225" duration="00:00:00.0066763" startTime="2023-10-04T13:19:48.2195823+00:00" endTime="2023-10-04T13:19:48.2263617+00:00" testType="13cdc9d9-ddb5-4fa4-a97d-d965ccfc6d4b" outcome="Passed" testListId="8c84fa94-04c1-424b-9868-57a2d4851a1d" relativeResultsDirectory="6098b81f-c417-4d26-bec9-075793f969b5" />
    <UnitTestResult executionId="4cc912bb-3f48-4a7b-b8b3-5b3e0bd5ff22" testId="53497056-e6ee-493e-a6a0-8888d3bb457e" testName="OnDemandController_SyncALL_SingleSignatureLoanFaked_Sync" computerName="ip-10-8-96-225" duration="00:00:00.0300022" startTime="2023-10-04T13:19:47.6309779+00:00" endTime="2023-10-04T13:19:47.6610840+00:00" testType="13cdc9d9-ddb5-4fa4-a97d-d965ccfc6d4b" outcome="Passed" testListId="8c84fa94-04c1-424b-9868-57a2d4851a1d" relativeResultsDirectory="4cc912bb-3f48-4a7b-b8b3-5b3e0bd5ff22" />
    <UnitTestResult executionId="63cd8ccb-7b8c-44ef-a553-549885e4d054" testId="ed5b0dcb-4956-48c5-be9e-d824e7ca9b99" testName="UpdateProfile_ProfileUpdate_BadDOB" computerName="ip-10-8-96-225" duration="00:00:00.1550527" startTime="2023-10-04T13:17:45.0611527+00:00" endTime="2023-10-04T13:17:45.2163291+00:00" testType="13cdc9d9-ddb5-4fa4-a97d-d965ccfc6d4b" outcome="Passed" testListId="8c84fa94-04c1-424b-9868-57a2d4851a1d" relativeResultsDirectory="63cd8ccb-7b8c-44ef-a553-549885e4d054" />
    <UnitTestResult executionId="11c64ee3-a61c-4418-acb9-7f7e5bc0e4a0" testId="9b6f7d8d-ee53-477e-b8bc-e4dd55d00548" testName="both_accounts_not_found" computerName="ip-10-8-96-225" duration="00:00:00.0002701" startTime="2023-10-04T13:16:42.3544131+00:00" endTime="2023-10-04T13:16:42.3547982+00:00" testType="13cdc9d9-ddb5-4fa4-a97d-d965ccfc6d4b" outcome="Passed" testListId="8c84fa94-04c1-424b-9868-57a2d4851a1d" relativeResultsDirectory="11c64ee3-a61c-4418-acb9-7f7e5bc0e4a0" />
    <UnitTestResult executionId="e5725651-43e7-437f-bd73-d52d8c5a038c" testId="a0ccd1a0-7f21-407e-8d45-e33222c2002c" testName="TestLogging_ExceptionThrown" computerName="ip-10-8-96-225" duration="00:00:00.0147736" startTime="2023-10-04T13:19:36.4367808+00:00" endTime="2023-10-04T13:19:36.4516590+00:00" testType="13cdc9d9-ddb5-4fa4-a97d-d965ccfc6d4b" outcome="Passed" testListId="8c84fa94-04c1-424b-9868-57a2d4851a1d" relativeResultsDirectory="e5725651-43e7-437f-bd73-d52d8c5a038c" />
    <UnitTestResult executionId="6da910d6-ed25-4536-979a-43d9e76b1e68" testId="4bdf38cd-dcc7-4cf6-97b6-eb695ef9cad8" testName="IntradayHandlerLoanTests_CreateTransaction_CSPNotNumbers" computerName="ip-10-8-96-225" duration="00:00:00.0002422" startTime="2023-10-04T13:19:48.2485835+00:00" endTime="2023-10-04T13:19:48.2488969+00:00" testType="13cdc9d9-ddb5-4fa4-a97d-d965ccfc6d4b" outcome="Passed" testListId="8c84fa94-04c1-424b-9868-57a2d4851a1d" relativeResultsDirectory="6da910d6-ed25-4536-979a-43d9e76b1e68" />
    <UnitTestResult executionId="d7249fc4-b2ad-4bf6-9bcc-d25b634c1b42" testId="7bc83adb-41c5-41a5-b81c-765994612f39" testName="UpdateProfileAddress_SimulateCIFTranslationFailed" computerName="ip-10-8-96-225" duration="00:00:03.2766516" startTime="2023-10-04T13:19:27.6603529+00:00" endTime="2023-10-04T13:19:30.9371952+00:00" testType="13cdc9d9-ddb5-4fa4-a97d-d965ccfc6d4b" outcome="Passed" testListId="8c84fa94-04c1-424b-9868-57a2d4851a1d" relativeResultsDirectory="d7249fc4-b2ad-4bf6-9bcc-d25b634c1b42">
      <Output>
        <StdOut>CommunicatorBaseUri is http://localhost:5011/
loanServ.BaseUri is https://api.sharedsvcs-nonprod.asb.local/
eDocs.NautilusBaseUrl is http://nautilus.d3couple.local/
OpenTelemetry tracing is disabled, make sure the keys (DynaTraceToken, DynaTraceTenantID, DynaTraceTraceUrl) are in the secret/configuration



Debug Trace:
Using EIS Private service at : https://api.sharedsvcs-nonprod.asb.local/
Using EIS Private service at : https://api-origin.dev.associatedbankservices.com/api/dev/addrssparsr</StdOut>
      </Output>
    </UnitTestResult>
    <UnitTestResult executionId="2180dfe1-8664-4628-8320-5512993e4d39" testId="44619b33-8945-417e-803a-632649dac802" testName="SnowflakeDBConformTests_EntityCIFByAcctIdAndUserId_MultipleCifsExceptionExpected" computerName="ip-10-8-96-225" duration="00:00:00.0055182" startTime="2023-10-04T13:16:43.6787335+00:00" endTime="2023-10-04T13:16:43.6843591+00:00" testType="13cdc9d9-ddb5-4fa4-a97d-d965ccfc6d4b" outcome="Passed" testListId="8c84fa94-04c1-424b-9868-57a2d4851a1d" relativeResultsDirectory="2180dfe1-8664-4628-8320-5512993e4d39">
      <Output>
        <StdOut>Debug Trace:
-1 &lt; 2
testcif12313
0 &lt; 2
testcif12313b
1 &lt; 2
-1 &lt; 2
0 &lt; 2
1 &lt; 2</StdOut>
      </Output>
    </UnitTestResult>
    <UnitTestResult executionId="84df8808-cbb1-4def-b775-01386f1dccd0" testId="2d6b1557-3c62-4fbc-9410-fa0a01ea97bb" testName="UpdateProfile_ContactPhone2" computerName="ip-10-8-96-225" duration="00:00:00.1751745" startTime="2023-10-04T13:17:43.7206170+00:00" endTime="2023-10-04T13:17:43.8959451+00:00" testType="13cdc9d9-ddb5-4fa4-a97d-d965ccfc6d4b" outcome="Passed" testListId="8c84fa94-04c1-424b-9868-57a2d4851a1d" relativeResultsDirectory="84df8808-cbb1-4def-b775-01386f1dccd0" />
    <UnitTestResult executionId="65737449-ab34-4ba8-96d5-0e27db8315a4" testId="3194d2c5-b41c-4442-936b-3c1dad72ec86" testName="IntradayController_AccountRoute_SyncTypeUSER_Invalid" computerName="ip-10-8-96-225" duration="00:00:00.0012898" startTime="2023-10-04T13:19:47.9895275+00:00" endTime="2023-10-04T13:19:47.9908880+00:00" testType="13cdc9d9-ddb5-4fa4-a97d-d965ccfc6d4b" outcome="Passed" testListId="8c84fa94-04c1-424b-9868-57a2d4851a1d" relativeResultsDirectory="65737449-ab34-4ba8-96d5-0e27db8315a4" />
    <UnitTestResult executionId="bbd14c02-2351-473e-a83c-09cd7b21e54e" testId="9451785e-684f-44db-8ba6-f47c8421fb36" testName="TestHeadersForTraceScope_MissingFile" computerName="ip-10-8-96-225" duration="00:00:00.1623618" startTime="2023-10-04T13:19:36.7786626+00:00" endTime="2023-10-04T13:19:36.9411385+00:00" testType="13cdc9d9-ddb5-4fa4-a97d-d965ccfc6d4b" outcome="Passed" testListId="8c84fa94-04c1-424b-9868-57a2d4851a1d" relativeResultsDirectory="bbd14c02-2351-473e-a83c-09cd7b21e54e" />
    <UnitTestResult executionId="964b86ea-9f35-46ef-87d6-b88ea7233db3" testId="67e838ac-6e48-449d-9f2c-25e93d5926fd" testName="LoanAcctTrnInqWS_ReturnResults" computerName="ip-10-8-96-225" duration="00:00:00.0151975" startTime="2023-10-04T13:17:36.2336945+00:00" endTime="2023-10-04T13:17:36.4043377+00:00" testType="13cdc9d9-ddb5-4fa4-a97d-d965ccfc6d4b" outcome="Passed" testListId="8c84fa94-04c1-424b-9868-57a2d4851a1d" relativeResultsDirectory="964b86ea-9f35-46ef-87d6-b88ea7233db3" />
    <UnitTestResult executionId="6da216ae-37ef-409f-aaaf-b5c92e2f7192" testId="7e84fda8-99f5-431f-adc1-192ea852f701" testName="WhenCommunicatorFails_TransferFundsFailsWith500" computerName="ip-10-8-96-225" duration="00:00:00.1466395" startTime="2023-10-04T13:17:31.3564180+00:00" endTime="2023-10-04T13:17:31.5032175+00:00" testType="13cdc9d9-ddb5-4fa4-a97d-d965ccfc6d4b" outcome="Passed" testListId="8c84fa94-04c1-424b-9868-57a2d4851a1d" relativeResultsDirectory="6da216ae-37ef-409f-aaaf-b5c92e2f7192" />
    <UnitTestResult executionId="4746cc97-6a0a-4436-927e-628016131eb9" testId="45664246-3912-4e84-a2d2-0cf75694f032" testName="PersoneticsController_StartChat_Success" computerName="ip-10-8-96-225" duration="00:00:02.9043599" startTime="2023-10-04T13:19:36.9414596+00:00" endTime="2023-10-04T13:19:44.5555223+00:00" testType="13cdc9d9-ddb5-4fa4-a97d-d965ccfc6d4b" outcome="Passed" testListId="8c84fa94-04c1-424b-9868-57a2d4851a1d" relativeResultsDirectory="4746cc97-6a0a-4436-927e-628016131eb9">
      <Output>
        <StdOut>CommunicatorBaseUri is http://localhost:5011/
loanServ.BaseUri is https://api.sharedsvcs-nonprod.asb.local/
eDocs.NautilusBaseUrl is http://nautilus.d3couple.local/
OpenTelemetry tracing is disabled, make sure the keys (DynaTraceToken, DynaTraceTenantID, DynaTraceTraceUrl) are in the secret/configuration
CommunicatorBaseUri is http://localhost:5011/
loanServ.BaseUri is https://api.sharedsvcs-nonprod.asb.local/
eDocs.NautilusBaseUrl is http://nautilus.d3couple.local/
OpenTelemetry tracing is disabled, make sure the keys (DynaTraceToken, DynaTraceTenantID, DynaTraceTraceUrl) are in the secret/configuration
CommunicatorBaseUri is http://localhost:5011/
loanServ.BaseUri is https://api.sharedsvcs-nonprod.asb.local/
eDocs.NautilusBaseUrl is http://nautilus.d3couple.local/
OpenTelemetry tracing is disabled, make sure the keys (DynaTraceToken, DynaTraceTenantID, DynaTraceTraceUrl) are in the secret/configuration



Debug Trace:
Using EIS Private service at : https://api.sharedsvcs-nonprod.asb.local/
Using EIS Private service at : https://api-origin.dev.associatedbankservices.com/api/dev/addrssparsr
Using EIS Private service at : https://api.sharedsvcs-nonprod.asb.local/
Using EIS Private service at : https://api-origin.dev.associatedbankservices.com/api/dev/addrssparsr
Using EIS Private service at : https://api.sharedsvcs-nonprod.asb.local/
Using EIS Private service at : https://api-origin.dev.associatedbankservices.com/api/dev/addrssparsr</StdOut>
      </Output>
    </UnitTestResult>
    <UnitTestResult executionId="93db7918-2a8b-4ad1-958a-44a671298df0" testId="3ba4703c-7672-4954-a13d-4529d40fcf66" testName="WhenInvalidRequest_ThenBadResponse (class UserVerificationResponse {&#xA;  AccountType: Personal&#xA;  AccountNumber: &#xA;  DebitCardNumber: 5147505055555555&#xA;  DateOfBirth: &#xA;  TaxId: &#xA;  Context: SELF-ENROLLMENT&#xA;}&#xA;)" computerName="ip-10-8-96-225" duration="00:00:00.0007223" startTime="2023-10-04T13:17:45.3700581+00:00" endTime="2023-10-04T13:17:45.3810445+00:00" testType="13cdc9d9-ddb5-4fa4-a97d-d965ccfc6d4b" outcome="Passed" testListId="8c84fa94-04c1-424b-9868-57a2d4851a1d" relativeResultsDirectory="93db7918-2a8b-4ad1-958a-44a671298df0" />
    <UnitTestResult executionId="aa42c3f7-1c95-4d00-8726-00f8f6d840f7" testId="38021581-a786-4238-9f09-d7d2c6cd9063" testName="IntradayController_SyncACCOUNTS_SingleCreditCardFaked_FakeException" computerName="ip-10-8-96-225" duration="00:00:00.0054911" startTime="2023-10-04T13:19:47.9581065+00:00" endTime="2023-10-04T13:19:47.9637118+00:00" testType="13cdc9d9-ddb5-4fa4-a97d-d965ccfc6d4b" outcome="Passed" testListId="8c84fa94-04c1-424b-9868-57a2d4851a1d" relativeResultsDirectory="aa42c3f7-1c95-4d00-8726-00f8f6d840f7" />
    <UnitTestResult executionId="0c8b163a-dee9-46fd-8b64-eba962d1e4d7" testId="c74d744b-2b01-4f66-86ae-dc922fdabc6d" testName="WhenCustomerFoundByDebitNumberAndDOBMatches__NotFoundInSF_FoundInSignatureClosedStatus_ThenFail (SV)" computerName="ip-10-8-96-225" duration="00:00:00.1483678" startTime="2023-10-04T13:17:51.2470686+00:00" endTime="2023-10-04T13:17:51.3956006+00:00" testType="13cdc9d9-ddb5-4fa4-a97d-d965ccfc6d4b" outcome="Passed" testListId="8c84fa94-04c1-424b-9868-57a2d4851a1d" relativeResultsDirectory="0c8b163a-dee9-46fd-8b64-eba962d1e4d7">
      <Output>
        <StdOut>\u001b[40m\u001b[32minfo\u001b[39m\u001b[22m\u001b[49m: D3.CoreLive.Service.WorkerServices.VerifyUserWS[0]
      User Verification Succeeded with null userId.  New userId has been generated
\u001b[40m\u001b[32minfo\u001b[39m\u001b[22m\u001b[49m: D3.CoreLive.Service.WorkerServices.VerifyUserWS[0]
      User Not Found In Entity
\u001b[40m\u001b[32minfo\u001b[39m\u001b[22m\u001b[49m: D3.CoreLive.Service.WorkerServices.VerifyUserWS[0]
      Customer Found With 0 Account(s)
\u001b[41m\u001b[30mfail\u001b[39m\u001b[22m\u001b[49m: D3.CoreLive.Service.WorkerServices.VerifyUserWS[0]
      Invalid Account Status
\u001b[40m\u001b[1m\u001b[33mwarn\u001b[39m\u001b[22m\u001b[49m: D3.CoreLive.Service.WorkerServices.VerifyUserWS[0]
      IsUserVerifiedWithAccount Signature account not found in good status.



Debug Trace:
Debug - CustomerListInquiryWS:BuildCustomerListInquiryRequest - request id f6aed6b9-e9a3-4b42-803c-c92a9821ca05</StdOut>
      </Output>
    </UnitTestResult>
    <UnitTestResult executionId="29664fd6-c3e6-4286-9bbe-855937b0555e" testId="636ac2da-be3e-49c9-bf34-2e1cac5c3619" testName="AccountInquiryWS_WithNullDataType" computerName="ip-10-8-96-225" duration="00:00:00.3045806" startTime="2023-10-04T13:16:45.8028690+00:00" endTime="2023-10-04T13:16:46.1075920+00:00" testType="13cdc9d9-ddb5-4fa4-a97d-d965ccfc6d4b" outcome="Passed" testListId="8c84fa94-04c1-424b-9868-57a2d4851a1d" relativeResultsDirectory="29664fd6-c3e6-4286-9bbe-855937b0555e" />
    <UnitTestResult executionId="a1e2baa1-6139-4686-aa35-30dfe5081941" testId="62a3260f-161f-4dd0-9027-965170fa093b" testName="UpdateProfile_ProfileUpdate" computerName="ip-10-8-96-225" duration="00:00:00.3763628" startTime="2023-10-04T13:17:44.0931308+00:00" endTime="2023-10-04T13:17:44.4695877+00:00" testType="13cdc9d9-ddb5-4fa4-a97d-d965ccfc6d4b" outcome="Passed" testListId="8c84fa94-04c1-424b-9868-57a2d4851a1d" relativeResultsDirectory="a1e2baa1-6139-4686-aa35-30dfe5081941" />
    <UnitTestResult executionId="b5e6ef8f-b013-4e8c-a103-7dd97a72c59a" testId="e0985a67-7fb4-4d1c-8645-ea392195e66b" testName="EventBridge_Controller_Basic" computerName="ip-10-8-96-225" duration="00:00:02.7584528" startTime="2023-10-04T13:20:22.9296976+00:00" endTime="2023-10-04T13:20:25.6882788+00:00" testType="13cdc9d9-ddb5-4fa4-a97d-d965ccfc6d4b" outcome="Passed" testListId="8c84fa94-04c1-424b-9868-57a2d4851a1d" relativeResultsDirectory="b5e6ef8f-b013-4e8c-a103-7dd97a72c59a">
      <Output>
        <StdOut>CommunicatorBaseUri is http://localhost:5011/
loanServ.BaseUri is https://api.sharedsvcs-nonprod.asb.local/
eDocs.NautilusBaseUrl is http://nautilus.d3couple.local/
OpenTelemetry tracing is disabled, make sure the keys (DynaTraceToken, DynaTraceTenantID, DynaTraceTraceUrl) are in the secret/configuration



Debug Trace:
Using EIS Private service at : https://api.sharedsvcs-nonprod.asb.local/
Using EIS Private service at : https://api-origin.dev.associatedbankservices.com/api/dev/addrssparsr</StdOut>
      </Output>
    </UnitTestResult>
    <UnitTestResult executionId="e77d36da-fcb2-49a9-8957-e7eba4f6f100" testId="454e8c2a-8a5f-487d-bfe9-1eb578ee7c15" testName="MultipleAccounts_Success_DisassociatedAndChargedOff" computerName="ip-10-8-96-225" duration="00:00:00.0012614" startTime="2023-10-04T13:19:48.6170351+00:00" endTime="2023-10-04T13:19:48.6183627+00:00" testType="13cdc9d9-ddb5-4fa4-a97d-d965ccfc6d4b" outcome="Passed" testListId="8c84fa94-04c1-424b-9868-57a2d4851a1d" relativeResultsDirectory="e77d36da-fcb2-49a9-8957-e7eba4f6f100" />
    <UnitTestResult executionId="22651acd-bc75-47f7-b2ab-4cb63b7b5b65" testId="72e0afc7-a57a-4234-9c73-f1194fe1e5b2" testName="StopPaymentTests_ZeroCheckNumber_CommunicatorErrorExpected" computerName="ip-10-8-96-225" duration="00:00:00.1565183" startTime="2023-10-04T13:17:38.1739563+00:00" endTime="2023-10-04T13:17:38.3305752+00:00" testType="13cdc9d9-ddb5-4fa4-a97d-d965ccfc6d4b" outcome="Passed" testListId="8c84fa94-04c1-424b-9868-57a2d4851a1d" relativeResultsDirectory="22651acd-bc75-47f7-b2ab-4cb63b7b5b65" />
    <UnitTestResult executionId="de887488-d217-4053-92d6-be150995c069" testId="ed4e3d6a-0376-4cda-ab41-88a87af0a0f6" testName="AccountInquiry_DeserializeResponse_AccountInquiryRs_Detail_Loan" computerName="ip-10-8-96-225" duration="00:00:00.0017051" startTime="2023-10-04T13:21:08.6560306+00:00" endTime="2023-10-04T13:21:08.6577933+00:00" testType="13cdc9d9-ddb5-4fa4-a97d-d965ccfc6d4b" outcome="Passed" testListId="8c84fa94-04c1-424b-9868-57a2d4851a1d" relativeResultsDirectory="de887488-d217-4053-92d6-be150995c069" />
    <UnitTestResult executionId="7aece4be-6f42-4db2-b300-790fe7b6fa6c" testId="91c8b067-621b-4dcd-970f-8079c9ab5ce2" testName="WhenLoanServDrawFailsOnCommunicatorTransfer_TransferFailsWith400" computerName="ip-10-8-96-225" duration="00:00:00.1502452" startTime="2023-10-04T13:17:34.3318510+00:00" endTime="2023-10-04T13:17:34.4822274+00:00" testType="13cdc9d9-ddb5-4fa4-a97d-d965ccfc6d4b" outcome="Passed" testListId="8c84fa94-04c1-424b-9868-57a2d4851a1d" relativeResultsDirectory="7aece4be-6f42-4db2-b300-790fe7b6fa6c" />
    <UnitTestResult executionId="d2b9902d-945a-4b9e-b06a-213b7073186f" testId="da6f2218-e96b-49d1-8ac3-5f1e2fb11cb9" testName="UpdateProfile_ProfileUpdate_GenderNotMaleOrFemale" computerName="ip-10-8-96-225" duration="00:00:00.1700343" startTime="2023-10-04T13:17:44.6892766+00:00" endTime="2023-10-04T13:17:44.8594386+00:00" testType="13cdc9d9-ddb5-4fa4-a97d-d965ccfc6d4b" outcome="Passed" testListId="8c84fa94-04c1-424b-9868-57a2d4851a1d" relativeResultsDirectory="d2b9902d-945a-4b9e-b06a-213b7073186f" />
    <UnitTestResult executionId="03290a6c-db94-4d36-8c36-ce3ece31c471" testId="c50c150d-a20d-468c-9fe7-1e4e7a1aa985" testName="StopPaymentTests_NoCSP" computerName="ip-10-8-96-225" duration="00:00:00.2050966" startTime="2023-10-04T13:17:40.1984961+00:00" endTime="2023-10-04T13:17:40.4036982+00:00" testType="13cdc9d9-ddb5-4fa4-a97d-d965ccfc6d4b" outcome="Passed" testListId="8c84fa94-04c1-424b-9868-57a2d4851a1d" relativeResultsDirectory="03290a6c-db94-4d36-8c36-ce3ece31c471" />
    <UnitTestResult executionId="288a86fe-eabb-4e61-9a14-97563b3f1512" testId="4f11ccbc-d852-4ca1-bc83-52dba3c4c755" testName="WhenLoanServPaymentFails_TransferFundsFailsWith400" computerName="ip-10-8-96-225" duration="00:00:00.3078674" startTime="2023-10-04T13:17:33.8746559+00:00" endTime="2023-10-04T13:17:34.1826316+00:00" testType="13cdc9d9-ddb5-4fa4-a97d-d965ccfc6d4b" outcome="Passed" testListId="8c84fa94-04c1-424b-9868-57a2d4851a1d" relativeResultsDirectory="288a86fe-eabb-4e61-9a14-97563b3f1512" />
    <UnitTestResult executionId="ed64c72f-d926-44b0-b476-732e1e965430" testId="29db4c79-905c-479c-b778-7a52b00c2913" testName="WhenOneAcctIsDDA_GenerateOneTransaction" computerName="ip-10-8-96-225" duration="00:00:00.1311197" startTime="2023-10-04T13:17:34.9774898+00:00" endTime="2023-10-04T13:17:35.1087279+00:00" testType="13cdc9d9-ddb5-4fa4-a97d-d965ccfc6d4b" outcome="Passed" testListId="8c84fa94-04c1-424b-9868-57a2d4851a1d" relativeResultsDirectory="ed64c72f-d926-44b0-b476-732e1e965430" />
    <UnitTestResult executionId="b4c65cd7-b2d9-4f1f-9dca-bda87d4a72d4" testId="4bfbbaa8-2ca2-4b85-bbd8-1f13edf2f8e8" testName="WhenCustomerFoundByDebitNumberAndDOBMatches__NotFoundInSF_FoundInSignatureClosedStatus_ThenFail (DD)" computerName="ip-10-8-96-225" duration="00:00:00.2194488" startTime="2023-10-04T13:17:51.3959472+00:00" endTime="2023-10-04T13:17:51.6155472+00:00" testType="13cdc9d9-ddb5-4fa4-a97d-d965ccfc6d4b" outcome="Passed" testListId="8c84fa94-04c1-424b-9868-57a2d4851a1d" relativeResultsDirectory="b4c65cd7-b2d9-4f1f-9dca-bda87d4a72d4">
      <Output>
        <StdOut>\u001b[40m\u001b[32minfo\u001b[39m\u001b[22m\u001b[49m: D3.CoreLive.Service.WorkerServices.VerifyUserWS[0]
      User Not Found In Entity



Debug Trace:
Debug - CustomerListInquiryWS:BuildCustomerListInquiryRequest - request id 08fc3351-887d-41c2-abf3-011ed91f9dfe</StdOut>
      </Output>
    </UnitTestResult>
    <UnitTestResult executionId="6c6d6211-0f7f-43dd-aa04-ee1262d0b872" testId="90076f20-a517-462e-85fe-0bb0da9c2a1d" testName="SigLoanAccountInquiryHandler_Error" computerName="ip-10-8-96-225" duration="00:00:00.1622819" startTime="2023-10-04T13:20:17.6987608+00:00" endTime="2023-10-04T13:20:17.8611559+00:00" testType="13cdc9d9-ddb5-4fa4-a97d-d965ccfc6d4b" outcome="Passed" testListId="8c84fa94-04c1-424b-9868-57a2d4851a1d" relativeResultsDirectory="6c6d6211-0f7f-43dd-aa04-ee1262d0b872" />
    <UnitTestResult executionId="7f67de5e-5d9b-4bcd-b8d4-0dfb91a53b54" testId="a9d50e23-442a-409f-9641-2aed436bff33" testName="WhenCustomerFoundByAccountNumberButDOBDoesNotMatch_ThenUnsuccessfulResponse" computerName="ip-10-8-96-225" duration="00:00:00.1532903" startTime="2023-10-04T13:17:46.9605922+00:00" endTime="2023-10-04T13:17:47.1140073+00:00" testType="13cdc9d9-ddb5-4fa4-a97d-d965ccfc6d4b" outcome="Passed" testListId="8c84fa94-04c1-424b-9868-57a2d4851a1d" relativeResultsDirectory="7f67de5e-5d9b-4bcd-b8d4-0dfb91a53b54">
      <Output>
        <StdOut>\u001b[41m\u001b[30mfail\u001b[39m\u001b[22m\u001b[49m: D3.CoreLive.Service.WorkerServices.VerifyUserWS[0]
      Invalid Account Status Code
\u001b[40m\u001b[32minfo\u001b[39m\u001b[22m\u001b[49m: D3.CoreLive.Service.WorkerServices.VerifyUserWS[0]
      User Not Found In Entity



Debug Trace:
Debug - CustomerListInquiryWS:BuildCustomerListInquiryRequest - request id 1d777f92-6438-49e6-bfe1-b191f6f9b42e</StdOut>
      </Output>
    </UnitTestResult>
    <UnitTestResult executionId="450eba7b-7e9d-41aa-9699-3fb20b242567" testId="2f482f49-507b-4637-80d3-ad20ab132fa4" testName="AccountInquiryWS_WithNullDataAccount" computerName="ip-10-8-96-225" duration="00:00:00.3432576" startTime="2023-10-04T13:16:45.4590690+00:00" endTime="2023-10-04T13:16:45.8025536+00:00" testType="13cdc9d9-ddb5-4fa4-a97d-d965ccfc6d4b" outcome="Passed" testListId="8c84fa94-04c1-424b-9868-57a2d4851a1d" relativeResultsDirectory="450eba7b-7e9d-41aa-9699-3fb20b242567">
      <Output>
        <StdOut>\u001b[41m\u001b[30mfail\u001b[39m\u001b[22m\u001b[49m: D3.CoreLive.Service.WorkerServices.AccountInquiryWS[0]
      Customer record not found in Signature</StdOut>
      </Output>
    </UnitTestResult>
    <UnitTestResult executionId="fbbcb41b-b102-4a46-b8ad-e8ccb0123cbd" testId="b659abc8-25a1-4310-b469-dfda1b4604dd" testName="WhenBusinessFoundByAccountNumberAndTaxIdMatches_ThenSuccessfulResponse" computerName="ip-10-8-96-225" duration="00:00:00.2531962" startTime="2023-10-04T13:17:47.2672633+00:00" endTime="2023-10-04T13:17:47.5206075+00:00" testType="13cdc9d9-ddb5-4fa4-a97d-d965ccfc6d4b" outcome="Passed" testListId="8c84fa94-04c1-424b-9868-57a2d4851a1d" relativeResultsDirectory="fbbcb41b-b102-4a46-b8ad-e8ccb0123cbd" />
    <UnitTestResult executionId="fa71433c-f126-4386-ab2e-d37332180182" testId="33159039-8a11-464c-b353-d093b603c913" testName="EventBridge_Controller_TimedOutWaitingOnSNS" computerName="ip-10-8-96-225" duration="00:00:03.0671588" startTime="2023-10-04T13:20:36.2733214+00:00" endTime="2023-10-04T13:20:39.3406091+00:00" testType="13cdc9d9-ddb5-4fa4-a97d-d965ccfc6d4b" outcome="Passed" testListId="8c84fa94-04c1-424b-9868-57a2d4851a1d" relativeResultsDirectory="fa71433c-f126-4386-ab2e-d37332180182">
      <Output>
        <StdOut>CommunicatorBaseUri is http://localhost:5011/
loanServ.BaseUri is https://api.sharedsvcs-nonprod.asb.local/
eDocs.NautilusBaseUrl is http://nautilus.d3couple.local/
OpenTelemetry tracing is disabled, make sure the keys (DynaTraceToken, DynaTraceTenantID, DynaTraceTraceUrl) are in the secret/configuration



Debug Trace:
Using EIS Private service at : https://api.sharedsvcs-nonprod.asb.local/
Using EIS Private service at : https://api-origin.dev.associatedbankservices.com/api/dev/addrssparsr</StdOut>
      </Output>
    </UnitTestResult>
    <UnitTestResult executionId="fe23b523-f03a-46e3-9f11-9d49ddc42814" testId="9aa5afff-0937-4365-94a4-fecaa73991f1" testName="IntradayHandlerTimeTests_CreateTransactionID" computerName="ip-10-8-96-225" duration="00:00:00.0005406" startTime="2023-10-04T13:19:48.8200099+00:00" endTime="2023-10-04T13:19:48.8206267+00:00" testType="13cdc9d9-ddb5-4fa4-a97d-d965ccfc6d4b" outcome="Passed" testListId="8c84fa94-04c1-424b-9868-57a2d4851a1d" relativeResultsDirectory="fe23b523-f03a-46e3-9f11-9d49ddc42814" />
    <UnitTestResult executionId="2a17a2fe-332e-4c7a-9e16-cf696e83a4f5" testId="6f3a8770-a153-4e50-83f5-1b1a57c6446d" testName="TestHeadersForScope_MissingAmzRequestID" computerName="ip-10-8-96-225" duration="00:00:00.0008865" startTime="2023-10-04T13:19:36.6194331+00:00" endTime="2023-10-04T13:19:36.6203778+00:00" testType="13cdc9d9-ddb5-4fa4-a97d-d965ccfc6d4b" outcome="Passed" testListId="8c84fa94-04c1-424b-9868-57a2d4851a1d" relativeResultsDirectory="2a17a2fe-332e-4c7a-9e16-cf696e83a4f5" />
    <UnitTestResult executionId="d154e27d-dbe6-43c6-bbbf-66d3dd42d0d0" testId="d4d75ede-6809-4c98-90e8-742dae843f3c" testName="MultipleAccountFiltering_Success_UsingSnowFlakeProductCodeSelection" computerName="ip-10-8-96-225" duration="00:00:00.0022663" startTime="2023-10-04T13:19:48.6144676+00:00" endTime="2023-10-04T13:19:48.6168072+00:00" testType="13cdc9d9-ddb5-4fa4-a97d-d965ccfc6d4b" outcome="Passed" testListId="8c84fa94-04c1-424b-9868-57a2d4851a1d" relativeResultsDirectory="d154e27d-dbe6-43c6-bbbf-66d3dd42d0d0" />
    <UnitTestResult executionId="963201ed-ff5e-4ab3-95a8-8d5e2936b814" testId="f37057a5-e22e-4885-b5e8-ebfb1bd335ac" testName="WhenInvalidRequest_ThenBadResponse (class UserVerificationResponse {&#xA;  AccountType: Personal&#xA;  AccountNumber: &#xA;  DebitCardNumber: 5147505055555555&#xA;  DateOfBirth: 1980-01-01&#xA;  TaxId: &#xA;  Context: WRONG-CONTEXT-TYPE&#xA;}&#xA;)" computerName="ip-10-8-96-225" duration="00:00:00.0000067" startTime="2023-10-04T13:17:45.3700581+00:00" endTime="2023-10-04T13:17:45.3810445+00:00" testType="13cdc9d9-ddb5-4fa4-a97d-d965ccfc6d4b" outcome="Passed" testListId="8c84fa94-04c1-424b-9868-57a2d4851a1d" relativeResultsDirectory="963201ed-ff5e-4ab3-95a8-8d5e2936b814">
      <Output>
        <StdOut>\u001b[41m\u001b[30mfail\u001b[39m\u001b[22m\u001b[49m: D3.CoreLive.Service.WorkerServices.VerifyUserWS[0]
      Invalid request format</StdOut>
      </Output>
    </UnitTestResult>
    <UnitTestResult executionId="a42694d3-5af3-4bf5-8de9-3f21de770b60" testId="28d0e286-9eef-4a6b-9b9e-a1066ef830f4" testName="WhenEmptyRequestBody_ThenBadRequestReturned" computerName="ip-10-8-96-225" duration="00:00:00.0108407" startTime="2023-10-04T13:19:10.9832428+00:00" endTime="2023-10-04T13:19:10.9942084+00:00" testType="13cdc9d9-ddb5-4fa4-a97d-d965ccfc6d4b" outcome="Passed" testListId="8c84fa94-04c1-424b-9868-57a2d4851a1d" relativeResultsDirectory="a42694d3-5af3-4bf5-8de9-3f21de770b60" />
    <UnitTestResult executionId="53f4c6ca-7829-4a28-bed1-21e720995116" testId="712d6682-836e-4d7a-9bde-310e3fdb088e" testName="UpdateProfile_WI2AddressUpdate" computerName="ip-10-8-96-225" duration="00:00:00.1650807" startTime="2023-10-04T13:17:41.7430003+00:00" endTime="2023-10-04T13:17:41.9081808+00:00" testType="13cdc9d9-ddb5-4fa4-a97d-d965ccfc6d4b" outcome="Passed" testListId="8c84fa94-04c1-424b-9868-57a2d4851a1d" relativeResultsDirectory="53f4c6ca-7829-4a28-bed1-21e720995116" />
    <UnitTestResult executionId="20e7902a-4c4e-494c-b847-d35e1d9c86bf" testId="723beb85-c963-47bb-a8db-ed1bfbfd07b1" testName="EDocs_GetUserEDocumentListByType_InvalidUID_ExpectEmptyData" computerName="ip-10-8-96-225" duration="00:00:00.0142317" startTime="2023-10-04T13:21:02.3366243+00:00" endTime="2023-10-04T13:21:02.3509450+00:00" testType="13cdc9d9-ddb5-4fa4-a97d-d965ccfc6d4b" outcome="Passed" testListId="8c84fa94-04c1-424b-9868-57a2d4851a1d" relativeResultsDirectory="20e7902a-4c4e-494c-b847-d35e1d9c86bf" />
    <UnitTestResult executionId="5c7a9831-26f4-411e-8c9e-33cc2845c940" testId="8e19caee-fde0-420b-a129-5bed13954267" testName="AccountInquiryWS_WithBadData_ReturnError" computerName="ip-10-8-96-225" duration="00:00:00.7955343" startTime="2023-10-04T13:16:44.6628403+00:00" endTime="2023-10-04T13:16:45.4585416+00:00" testType="13cdc9d9-ddb5-4fa4-a97d-d965ccfc6d4b" outcome="Passed" testListId="8c84fa94-04c1-424b-9868-57a2d4851a1d" relativeResultsDirectory="5c7a9831-26f4-411e-8c9e-33cc2845c940" />
    <UnitTestResult executionId="6ab34c3d-bfea-45e9-8069-299f04f3c6bd" testId="cdd61f77-4d00-4f83-b13d-ff83b4e0ec57" testName="CoreLive_Rest_StopPaymentRange_ReversedToFrom" computerName="ip-10-8-96-225" duration="00:00:01.9567741" startTime="2023-10-04T13:18:23.4292100+00:00" endTime="2023-10-04T13:18:25.3872851+00:00" testType="13cdc9d9-ddb5-4fa4-a97d-d965ccfc6d4b" outcome="Passed" testListId="8c84fa94-04c1-424b-9868-57a2d4851a1d" relativeResultsDirectory="6ab34c3d-bfea-45e9-8069-299f04f3c6bd">
      <Output>
        <StdOut>CommunicatorBaseUri is http://localhost:5011/
loanServ.BaseUri is https://api.sharedsvcs-nonprod.asb.local/
eDocs.NautilusBaseUrl is http://nautilus.d3couple.local/
OpenTelemetry tracing is disabled, make sure the keys (DynaTraceToken, DynaTraceTenantID, DynaTraceTraceUrl) are in the secret/configuration



Debug Trace:
Using EIS Private service at : https://api.sharedsvcs-nonprod.asb.local/
Using EIS Private service at : https://api-origin.dev.associatedbankservices.com/api/dev/addrssparsr</StdOut>
      </Output>
    </UnitTestResult>
    <UnitTestResult executionId="9083c770-d7bf-4296-8f75-2eefb12c5fc6" testId="3aba3159-bb4a-49b8-89e2-dc35ae89065a" testName="StopPaymentRangeTests_AccountNotFound" computerName="ip-10-8-96-225" duration="00:00:00.1448625" startTime="2023-10-04T13:17:39.7144787+00:00" endTime="2023-10-04T13:17:39.8594630+00:00" testType="13cdc9d9-ddb5-4fa4-a97d-d965ccfc6d4b" outcome="Passed" testListId="8c84fa94-04c1-424b-9868-57a2d4851a1d" relativeResultsDirectory="9083c770-d7bf-4296-8f75-2eefb12c5fc6" />
    <UnitTestResult executionId="11a734b8-ca2a-48ed-bdc1-a363103599a9" testId="fae88ca6-702a-4026-8348-b675d5955b6c" testName="WhenValidInputButInvalidAccountStatusNull_ThenUnsuccessfulResponse" computerName="ip-10-8-96-225" duration="00:00:00.1689648" startTime="2023-10-04T13:17:46.3389355+00:00" endTime="2023-10-04T13:17:46.5080839+00:00" testType="13cdc9d9-ddb5-4fa4-a97d-d965ccfc6d4b" outcome="Passed" testListId="8c84fa94-04c1-424b-9868-57a2d4851a1d" relativeResultsDirectory="11a734b8-ca2a-48ed-bdc1-a363103599a9">
      <Output>
        <StdOut>\u001b[41m\u001b[30mfail\u001b[39m\u001b[22m\u001b[49m: D3.CoreLive.Service.WorkerServices.VerifyUserWS[0]
      Invalid Account Status Code
\u001b[41m\u001b[30mfail\u001b[39m\u001b[22m\u001b[49m: D3.CoreLive.Service.WorkerServices.VerifyUserWS[0]
      Invalid Account Status Code
\u001b[40m\u001b[32minfo\u001b[39m\u001b[22m\u001b[49m: D3.CoreLive.Service.WorkerServices.VerifyUserWS[0]
      User Not Found In Entity
\u001b[41m\u001b[30mfail\u001b[39m\u001b[22m\u001b[49m: D3.CoreLive.Service.WorkerServices.VerifyUserWS[0]
      Invalid Account Status Code



Debug Trace:
Debug - CustomerListInquiryWS:BuildCustomerListInquiryRequest - request id 0ac1a938-3b02-4a1b-a267-ad01d7df1711</StdOut>
      </Output>
    </UnitTestResult>
    <UnitTestResult executionId="3b6d9dcf-46dc-4ae9-b16b-99b1c25cd893" testId="39f7b653-a4a8-4d01-84ca-48d7a44d18fa" testName="CustomerListInquiryWS_CursorSuccess" computerName="ip-10-8-96-225" duration="00:00:00.1689404" startTime="2023-10-04T13:16:49.6996082+00:00" endTime="2023-10-04T13:16:49.8686555+00:00" testType="13cdc9d9-ddb5-4fa4-a97d-d965ccfc6d4b" outcome="Passed" testListId="8c84fa94-04c1-424b-9868-57a2d4851a1d" relativeResultsDirectory="3b6d9dcf-46dc-4ae9-b16b-99b1c25cd893" />
    <UnitTestResult executionId="a17ffccd-6ee0-4b17-bc48-db2f2d1a1e54" testId="e185afd7-967f-456e-a939-9ee699d4dc3b" testName="StopPaymentHistoryTests_GeneralError" computerName="ip-10-8-96-225" duration="00:00:00.1480347" startTime="2023-10-04T13:17:37.8675321+00:00" endTime="2023-10-04T13:17:38.0156944+00:00" testType="13cdc9d9-ddb5-4fa4-a97d-d965ccfc6d4b" outcome="Passed" testListId="8c84fa94-04c1-424b-9868-57a2d4851a1d" relativeResultsDirectory="a17ffccd-6ee0-4b17-bc48-db2f2d1a1e54">
      <Output>
        <StdOut>\u001b[41m\u001b[30mfail\u001b[39m\u001b[22m\u001b[49m: D3.CoreLive.Service.WorkerServices.StopPaymentWS[0]
      CommunicatorClient.StopChkInqRq failed - : &lt;?xml version="1.0" encoding="utf-16"?&gt;
      &lt;IFX xmlns:xsi="http://www.w3.org/2001/XMLSchema-instance" xmlns:xsd="http://www.w3.org/2001/XMLSchema"&gt;
        &lt;GeneralStatus&gt;
          &lt;StatusCode&gt;-1&lt;/StatusCode&gt;
          &lt;StatusLevel&gt;IFX&lt;/StatusLevel&gt;
          &lt;StatusDesc&gt;bobs undefined error&lt;/StatusDesc&gt;
        &lt;/GeneralStatus&gt;
        &lt;Status&gt;
          &lt;StatusCode&gt;0&lt;/StatusCode&gt;
          &lt;Severity&gt;Info&lt;/Severity&gt;
          &lt;StatusDesc&gt;The request was processed successfully.&lt;/StatusDesc&gt;
          &lt;SupportUID&gt;F14CB023-02DC-4D57-BA8B-D5BD10CAE4E7&lt;/SupportUID&gt;
        &lt;/Status&gt;
        &lt;EnvironmentInfo&gt;
          &lt;EnvironmentName&gt;SVCESBUA&lt;/EnvironmentName&gt;
        &lt;/EnvironmentInfo&gt;
        &lt;SignonRs&gt;
          &lt;Status&gt;
            &lt;StatusCode&gt;0&lt;/StatusCode&gt;
            &lt;Severity&gt;Info&lt;/Severity&gt;
            &lt;StatusDesc&gt;The request was processed successfully.&lt;/StatusDesc&gt;
            &lt;SupportUID&gt;A86DDFF2-E46B-4B00-836B-99DB8BAE9C3C&lt;/SupportUID&gt;
          &lt;/Status&gt;
          &lt;SignonRole&gt;CSR&lt;/SignonRole&gt;
          &lt;CustId&gt;
            &lt;SPName&gt;FiservCBS&lt;/SPName&gt;
            &lt;CustLoginId&gt;SVCESBABLUA&lt;/CustLoginId&gt;
          &lt;/CustId&gt;
          &lt;GenSessKey&gt;0&lt;/GenSessKey&gt;
          &lt;ClientDt&gt;
            &lt;Year&gt;2022&lt;/Year&gt;
            &lt;Month&gt;1&lt;/Month&gt;
            &lt;Day&gt;11&lt;/Day&gt;
            &lt;Hour&gt;12&lt;/Hour&gt;
            &lt;Minute&gt;29&lt;/Minute&gt;
            &lt;Second&gt;37&lt;/Second&gt;
          &lt;/ClientDt&gt;
          &lt;CustLangPref /&gt;
          &lt;ClientApp&gt;
            &lt;Org&gt;Fiserv&lt;/Org&gt;
            &lt;Name&gt;CommAdmin&lt;/Name&gt;
            &lt;ClientAppKey&gt;ABCWISCOZUSBYNBKWDMWFYICGPREAEPN&lt;/ClientAppKey&gt;
          &lt;/ClientApp&gt;
          &lt;ServerDt&gt;
            &lt;Year&gt;2022&lt;/Year&gt;
            &lt;Month&gt;1&lt;/Month&gt;
            &lt;Day&gt;11&lt;/Day&gt;
            &lt;Hour&gt;12&lt;/Hour&gt;
            &lt;Minute&gt;29&lt;/Minute&gt;
            &lt;Second&gt;37&lt;/Second&gt;
            &lt;Fraction&gt;508000&lt;/Fraction&gt;
            &lt;UTCOffset&gt;-360&lt;/UTCOffset&gt;
          &lt;/ServerDt&gt;
          &lt;Language&gt;en-US&lt;/Language&gt;
          &lt;PersonName&gt;
            &lt;FirstName&gt;SVCESBABLUA&lt;/FirstName&gt;
            &lt;LastName&gt;SVCESBABLUA&lt;/LastName&gt;
          &lt;/PersonName&gt;
        &lt;/SignonRs&gt;
        &lt;BankSvcRs&gt;
          &lt;RqUID&gt;71586FF2-B84D-4DDC-8219-3CD001202A16&lt;/RqUID&gt;
          &lt;SPName&gt;FiservCBS&lt;/SPName&gt;
          &lt;Version&gt;20.1.0.80&lt;/Version&gt;
          &lt;Status&gt;
            &lt;StatusCode&gt;0&lt;/StatusCode&gt;
            &lt;Severity&gt;Info&lt;/Severity&gt;
            &lt;StatusDesc&gt;The request was processed successfully.&lt;/StatusDesc&gt;
            &lt;SupportUID&gt;71586FF2-B84D-4DDC-8219-3CD001202A16&lt;/SupportUID&gt;
          &lt;/Status&gt;
          &lt;StopChkInqRs&gt;
            &lt;Status&gt;
              &lt;StatusCode&gt;0&lt;/StatusCode&gt;
              &lt;Severity&gt;Info&lt;/Severity&gt;
              &lt;StatusDesc&gt;The request was processed successfully.&lt;/StatusDesc&gt;
              &lt;SupportUID&gt;6620FF3A-639C-4BD2-8551-4EDC3026B729&lt;/SupportUID&gt;
            &lt;/Status&gt;
            &lt;RqUID&gt;843A6F56-5E5E-48BB-89E9-BEA0208B2695&lt;/RqUID&gt;
            &lt;DepAcctId&gt;
              &lt;AcctId&gt;2428004701&lt;/AcctId&gt;
              &lt;AcctType&gt;DD&lt;/AcctType&gt;
            &lt;/DepAcctId&gt;
            &lt;StopChkRec&gt;
              &lt;StopChkInfo&gt;
                &lt;ChkNum&gt;000000000000000&lt;/ChkNum&gt;
                &lt;Name&gt;UNISOM CREDIT UNION CU        &lt;/Name&gt;
                &lt;CurAmt&gt;
                  &lt;Amt&gt;170.00&lt;/Amt&gt;
                &lt;/CurAmt&gt;
                &lt;ReasonDesc&gt;CHANGED MIND&lt;/ReasonDesc&gt;
                &lt;ChkNumRqFlag&gt;0&lt;/ChkNumRqFlag&gt;
                &lt;OrigDt&gt;
                  &lt;Year&gt;2016&lt;/Year&gt;
                  &lt;Month&gt;8&lt;/Month&gt;
                  &lt;Day&gt;18&lt;/Day&gt;
                &lt;/OrigDt&gt;
                &lt;ExpDt&gt;
                  &lt;Year&gt;2049&lt;/Year&gt;
                  &lt;Month&gt;12&lt;/Month&gt;
                  &lt;Day&gt;31&lt;/Day&gt;
                &lt;/ExpDt&gt;
              &lt;/StopChkInfo&gt;
              &lt;StopChkStatusCode&gt;Active&lt;/StopChkStatusCode&gt;
              &lt;RecType&gt;Stop&lt;/RecType&gt;
              &lt;CSPRefId&gt;00001&lt;/CSPRefId&gt;
            &lt;/StopChkRec&gt;
          &lt;/StopChkInqRs&gt;
        &lt;/BankSvcRs&gt;
      &lt;/IFX&gt;)</StdOut>
      </Output>
    </UnitTestResult>
    <UnitTestResult executionId="fc6f7239-e5a1-45f1-8a5d-7a03b43d8525" testId="ce11aa68-a2ba-48a8-b738-3f6f72740552" testName="EStatementEnrollment_Fake_IsEnrolled_AccountIsEnrolled" computerName="ip-10-8-96-225" duration="00:00:00.4337082" startTime="2023-10-04T13:17:26.6043420+00:00" endTime="2023-10-04T13:17:27.0381655+00:00" testType="13cdc9d9-ddb5-4fa4-a97d-d965ccfc6d4b" outcome="Passed" testListId="8c84fa94-04c1-424b-9868-57a2d4851a1d" relativeResultsDirectory="fc6f7239-e5a1-45f1-8a5d-7a03b43d8525" />
[...]
    <TestEntry testId="e57d21b1-96e3-4b4d-a89e-f9f390294663" executionId="b75599ca-d9fe-461c-9063-90756e2046ba" testListId="8c84fa94-04c1-424b-9868-57a2d4851a1d" />
    <TestEntry testId="97be8fff-089c-40f9-b23c-02750c2be8ae" executionId="b97dea24-8b50-41e0-8913-f4f1769e54c8" testListId="8c84fa94-04c1-424b-9868-57a2d4851a1d" />
    <TestEntry testId="40cddbc6-3000-4d41-b963-cecb0c4193c4" executionId="a97b1a7a-7628-4baa-94b2-fc23315693e7" testListId="8c84fa94-04c1-424b-9868-57a2d4851a1d" />
    <TestEntry testId="19e13809-7d0f-4f13-aab7-d61d72be6e8a" executionId="b251c4be-9805-4fb6-85c9-564c665604b4" testListId="8c84fa94-04c1-424b-9868-57a2d4851a1d" />
    <TestEntry testId="e859d9fb-c7aa-4e0a-97f7-d4c2b59850fa" executionId="4d3c214c-7fec-4f0d-9a6e-accebc69e9a5" testListId="8c84fa94-04c1-424b-9868-57a2d4851a1d" />
    <TestEntry testId="7c02062a-669f-434b-9b03-3359c89cdb11" executionId="14b47ee8-7638-45c6-bc06-9358c1a4de0f" testListId="8c84fa94-04c1-424b-9868-57a2d4851a1d" />
    <TestEntry testId="e189256c-d030-440f-b0a1-fd18b1145db3" executionId="2103831b-5f58-4263-bd0c-1f7095a6bb49" testListId="8c84fa94-04c1-424b-9868-57a2d4851a1d" />
    <TestEntry testId="7f1bf93c-11aa-475b-823c-90486cea8428" executionId="1ecb24aa-ee6f-49f0-b0d0-dfb40e842bf4" testListId="8c84fa94-04c1-424b-9868-57a2d4851a1d" />
    <TestEntry testId="89ac05bf-8fd4-48fc-bf3c-fe8c75112214" executionId="2c21b55d-7543-4675-aa27-b786d2a8f65c" testListId="8c84fa94-04c1-424b-9868-57a2d4851a1d" />
    <TestEntry testId="b47d16b4-0ef0-4c84-8b85-759d62094508" executionId="31888b4b-6332-4f68-b4ed-0fa37c548c83" testListId="8c84fa94-04c1-424b-9868-57a2d4851a1d" />
    <TestEntry testId="0e808ec5-8df0-4583-823b-a1e9a931adb2" executionId="b7dfc2d9-b537-4196-81c3-536aa29a526a" testListId="8c84fa94-04c1-424b-9868-57a2d4851a1d" />
    <TestEntry testId="3ff1be72-75a3-41af-a208-4bb632d87983" executionId="f90ced97-6699-4762-bf47-53409e3f94f3" testListId="8c84fa94-04c1-424b-9868-57a2d4851a1d" />
    <TestEntry testId="f49bf3a7-5bff-4e9e-acc6-ebc0832c663e" executionId="bb459c49-e058-4360-a8bc-ac4350199731" testListId="8c84fa94-04c1-424b-9868-57a2d4851a1d" />
    <TestEntry testId="21e62ccc-e1e0-483f-822b-7e2d067f16ac" executionId="c75a71c5-c33b-4071-b9cf-81451021c90c" testListId="8c84fa94-04c1-424b-9868-57a2d4851a1d" />
    <TestEntry testId="f72c4d95-59b9-4d92-9cde-4e8ed00f96a6" executionId="8027290d-494b-47fb-be58-548b603effab" testListId="8c84fa94-04c1-424b-9868-57a2d4851a1d" />
    <TestEntry testId="dfbb5b09-212b-4320-a555-7073ef722c3b" executionId="db293798-bd5c-406f-bad1-3e30118bb7de" testListId="8c84fa94-04c1-424b-9868-57a2d4851a1d" />
    <TestEntry testId="b7d0c663-b227-4d3b-95c5-2af4f726bc3e" executionId="660331ee-4056-4139-a85f-9b831d279142" testListId="8c84fa94-04c1-424b-9868-57a2d4851a1d" />
    <TestEntry testId="956cf8b0-d5af-4a78-b846-f68eece056ac" executionId="f24a287c-50e0-432e-b3e0-36fa518b072a" testListId="8c84fa94-04c1-424b-9868-57a2d4851a1d" />
    <TestEntry testId="2a25b1dd-92bb-4848-8a1a-3e0991c8b404" executionId="7661818a-e358-41b6-ae99-3cc55d88d3ae" testListId="8c84fa94-04c1-424b-9868-57a2d4851a1d" />
    <TestEntry testId="1587b400-b6b6-457c-b4e2-ce601a8a447b" executionId="6eb777f8-7984-4f10-966d-d0350ca9e252" testListId="8c84fa94-04c1-424b-9868-57a2d4851a1d" />
    <TestEntry testId="9b5ba222-c9e4-448b-8341-573343327cce" executionId="aadc6f5b-446c-486c-8669-dd8d59892356" testListId="8c84fa94-04c1-424b-9868-57a2d4851a1d" />
    <TestEntry testId="dcb2aaa6-7f75-48ce-a0cf-0fc432c04bbd" executionId="b36e2508-3126-4485-81e2-e0f1db15b9d1" testListId="8c84fa94-04c1-424b-9868-57a2d4851a1d" />
    <TestEntry testId="6e09404d-09c4-4a29-b643-fba31ebcc853" executionId="9edf9545-9ea3-4881-b7dd-fd6827fe3b97" testListId="8c84fa94-04c1-424b-9868-57a2d4851a1d" />
    <TestEntry testId="eb12622e-1acc-4133-a059-416db1709782" executionId="002e8377-7ce3-4db8-8c39-0876e3f6b59e" testListId="8c84fa94-04c1-424b-9868-57a2d4851a1d" />
    <TestEntry testId="415e41dd-bbc9-48eb-a811-73caa1ee144b" executionId="18f72e06-f3c6-44d5-a7bd-8d104929f23c" testListId="8c84fa94-04c1-424b-9868-57a2d4851a1d" />
    <TestEntry testId="07d261f1-6e9a-431c-9669-befbead60fec" executionId="d914624c-c04a-4787-a9b8-78f156e92741" testListId="8c84fa94-04c1-424b-9868-57a2d4851a1d" />
    <TestEntry testId="1ed938fa-d0e1-400e-96e3-70ec2247a841" executionId="8d816170-c90c-4cb3-ae8f-ee5522b8abbf" testListId="8c84fa94-04c1-424b-9868-57a2d4851a1d" />
    <TestEntry testId="a0f5648b-2508-4bc4-adfe-dd937db30a10" executionId="2b9435f2-6a3e-4b39-9054-3785418f0e2b" testListId="8c84fa94-04c1-424b-9868-57a2d4851a1d" />
    <TestEntry testId="def4a38c-d01b-43b1-a483-4d8c4ed87321" executionId="7001f781-b6c2-4067-b585-1721036eab70" testListId="8c84fa94-04c1-424b-9868-57a2d4851a1d" />
    <TestEntry testId="8550bd33-0237-4c73-bda9-12e0f2ed3dbf" executionId="6e594bf8-cabc-4291-8586-df3d4de9995b" testListId="8c84fa94-04c1-424b-9868-57a2d4851a1d" />
    <TestEntry testId="f81d0a87-6ffd-4e36-95af-b8a01287dcaf" executionId="dcb8da58-1554-4bc4-b648-1e3dd4c402a0" testListId="8c84fa94-04c1-424b-9868-57a2d4851a1d" />
    <TestEntry testId="f504f327-fe86-477c-b037-1abcbae1d236" executionId="de83f77b-a977-4a20-9147-abe9fbc80e2e" testListId="8c84fa94-04c1-424b-9868-57a2d4851a1d" />
    <TestEntry testId="c93b9970-1132-41c0-bdbf-7c8405583987" executionId="e7887367-3d77-40bd-91fc-45c3f8ef3e1a" testListId="8c84fa94-04c1-424b-9868-57a2d4851a1d" />
    <TestEntry testId="97521708-4636-48c0-8aae-355b32dbd3aa" executionId="2913946e-b95d-4a27-880a-7b8a68e76e65" testListId="8c84fa94-04c1-424b-9868-57a2d4851a1d" />
    <TestEntry testId="ff1eebee-1409-434d-afbf-753a38aeddf4" executionId="8ccdb4ce-2d5b-411b-b883-3b48f01fb32d" testListId="8c84fa94-04c1-424b-9868-57a2d4851a1d" />
    <TestEntry testId="63f18f86-ff09-4c19-a848-419cb4c76138" executionId="2020917f-93ec-4f41-9fd4-142a07baae5e" testListId="8c84fa94-04c1-424b-9868-57a2d4851a1d" />
    <TestEntry testId="5fdb51b2-b9d8-4123-9e15-58609dd02ede" executionId="c6cef8b6-28a0-4e2c-b755-1c7f60ac28e1" testListId="8c84fa94-04c1-424b-9868-57a2d4851a1d" />
    <TestEntry testId="a6fc4223-34fb-4aea-b33b-b8e4f97f4d09" executionId="ec6259a7-540e-429b-b6fa-d87cce475f2d" testListId="8c84fa94-04c1-424b-9868-57a2d4851a1d" />
    <TestEntry testId="9a0b676a-5ae7-4668-9afb-cc62eb68be03" executionId="484aeeae-a1ce-4a38-9734-51a6029aac19" testListId="8c84fa94-04c1-424b-9868-57a2d4851a1d" />
    <TestEntry testId="1b32b77d-ee28-49a1-8497-e542645314aa" executionId="3dd2f197-c093-48a1-8481-fee44c610e8c" testListId="8c84fa94-04c1-424b-9868-57a2d4851a1d" />
    <TestEntry testId="a7decd2e-6518-41cf-9d57-dd60028bf174" executionId="b4acf357-a1f5-42ed-9001-90efedf572ce" testListId="8c84fa94-04c1-424b-9868-57a2d4851a1d" />
    <TestEntry testId="227580dd-195e-43c0-bab7-a334d7dd87b2" executionId="e8478092-4bf2-46e2-a32e-4d0f4d03be08" testListId="8c84fa94-04c1-424b-9868-57a2d4851a1d" />
    <TestEntry testId="0f94a1f3-eb48-4eca-89b1-92629828da41" executionId="b9227388-8f98-45fd-b11e-7512624c5123" testListId="8c84fa94-04c1-424b-9868-57a2d4851a1d" />
    <TestEntry testId="9ceb843c-1190-4f7e-bd2f-2ebb15abcce3" executionId="f05d4c9d-5958-4a4b-a950-1054900602d4" testListId="8c84fa94-04c1-424b-9868-57a2d4851a1d" />
    <TestEntry testId="38af07d3-304d-4407-ab7b-9a5c683952ae" executionId="4f6e67c0-0c4d-4574-9ebb-d31543480810" testListId="8c84fa94-04c1-424b-9868-57a2d4851a1d" />
    <TestEntry testId="66b28a4a-681f-49ad-83a9-e8ce4a2a775c" executionId="d5fde4ed-f4d9-4b22-ba7e-15f99aa88e41" testListId="8c84fa94-04c1-424b-9868-57a2d4851a1d" />
    <TestEntry testId="b821832c-9fb7-4860-8da5-434a7825b833" executionId="d9b7a0c4-8d5b-465a-97fc-bf352daffbfc" testListId="8c84fa94-04c1-424b-9868-57a2d4851a1d" />
    <TestEntry testId="fdd992e6-67c6-4967-8874-d5ffddcf7adb" executionId="f2df1aa7-0833-4361-9708-f028331f16da" testListId="8c84fa94-04c1-424b-9868-57a2d4851a1d" />
    <TestEntry testId="81db73e0-6fcb-4681-b66b-3f727251337a" executionId="9f60fbb2-0ec8-4b68-90a4-cb488b4c99c1" testListId="8c84fa94-04c1-424b-9868-57a2d4851a1d" />
    <TestEntry testId="92137452-a177-489d-b204-54cad7c6c2b3" executionId="68a5f582-7802-4f2a-a5be-28e5e082388c" testListId="8c84fa94-04c1-424b-9868-57a2d4851a1d" />
    <TestEntry testId="674b7c5b-e1ed-4f20-8124-675430a94539" executionId="74e99072-2192-4c18-949a-5624e74b0a11" testListId="8c84fa94-04c1-424b-9868-57a2d4851a1d" />
    <TestEntry testId="4061cebe-69dd-4b2b-893f-2bd63712d41c" executionId="68ba5e17-eecf-439c-963e-431aa9ebbe0a" testListId="8c84fa94-04c1-424b-9868-57a2d4851a1d" />
    <TestEntry testId="9ce15200-1962-4cdd-a053-ca190864d66b" executionId="cb00a97b-335b-4841-888e-349b0adb437b" testListId="8c84fa94-04c1-424b-9868-57a2d4851a1d" />
    <TestEntry testId="78812b3b-b2c1-4a95-8596-173c084554c8" executionId="a88ebe12-3f5a-48d4-9bcc-bc3d9b2c448e" testListId="8c84fa94-04c1-424b-9868-57a2d4851a1d" />
    <TestEntry testId="70fdfe69-cda0-4984-9cc7-b08152a05e9b" executionId="2a2adfea-f48b-49ba-b73f-82c8a86b1df5" testListId="8c84fa94-04c1-424b-9868-57a2d4851a1d" />
    <TestEntry testId="c4dde465-c09b-4bd3-80a6-1186669a74ca" executionId="cb91916d-9ba5-4ed3-9594-f8a1d8345c4d" testListId="8c84fa94-04c1-424b-9868-57a2d4851a1d" />
    <TestEntry testId="3817ee5b-b054-43fe-bb9e-1c76ea9c4164" executionId="66b5c6de-7b87-4fed-a49d-aa07b76a2e7e" testListId="8c84fa94-04c1-424b-9868-57a2d4851a1d" />
    <TestEntry testId="abab22af-6aab-427c-a283-d40574ba22ee" executionId="ff82e344-3b65-4916-8f4e-2242610b76db" testListId="8c84fa94-04c1-424b-9868-57a2d4851a1d" />
    <TestEntry testId="40d48f81-f077-4ac3-9b4c-a8eb0fdcb88c" executionId="50f434cd-2c3e-4c84-9977-8908e0b6bc88" testListId="8c84fa94-04c1-424b-9868-57a2d4851a1d" />
    <TestEntry testId="4fcbac2c-0037-4235-8130-95adad1584c9" executionId="099d8461-223a-49ff-952d-8d7866178375" testListId="8c84fa94-04c1-424b-9868-57a2d4851a1d" />
    <TestEntry testId="546477d0-eeb2-4e57-8116-30960200f387" executionId="33c8731a-ba46-4615-8b1f-c07b54d36076" testListId="8c84fa94-04c1-424b-9868-57a2d4851a1d" />
    <TestEntry testId="3249a858-b46c-49c8-9d33-e23fdea45a7f" executionId="bf394c56-47c7-4b9c-844b-2fb72c4ae18a" testListId="8c84fa94-04c1-424b-9868-57a2d4851a1d" />
    <TestEntry testId="2672cad7-42e9-4561-aa13-b15f3c53cc71" executionId="bedafd32-4b34-4c5c-93e7-d24c148796e8" testListId="8c84fa94-04c1-424b-9868-57a2d4851a1d" />
    <TestEntry testId="4fb0e401-0faa-411e-baf2-d927df981d01" executionId="d7f8d844-7dc5-4e48-8162-5998f612ded1" testListId="8c84fa94-04c1-424b-9868-57a2d4851a1d" />
    <TestEntry testId="cb8074c0-1449-419c-949f-1d339c26b275" executionId="7b67aeb6-a593-420f-b9f9-e5441a28a2cf" testListId="8c84fa94-04c1-424b-9868-57a2d4851a1d" />
    <TestEntry testId="312abd42-388f-4bd0-a0b9-f29d20edd258" executionId="9dcd4d36-e489-4033-9803-946fde564419" testListId="8c84fa94-04c1-424b-9868-57a2d4851a1d" />
    <TestEntry testId="f81a00e1-98cf-492f-a2cd-bb9ad13a4984" executionId="61aa2606-a63c-4dd5-92ca-1a4cee1ac960" testListId="8c84fa94-04c1-424b-9868-57a2d4851a1d" />
    <TestEntry testId="d5e3a698-796a-464c-87ee-a11afd37cbfe" executionId="6114fe9a-6288-4662-9393-54d27de98930" testListId="8c84fa94-04c1-424b-9868-57a2d4851a1d" />
    <TestEntry testId="fac72fff-49b0-463b-b0f9-0777de31370f" executionId="f08bcc4a-daea-4389-bdf7-88fe24ed4012" testListId="8c84fa94-04c1-424b-9868-57a2d4851a1d" />
    <TestEntry testId="b7df0c26-38af-4a47-ab78-46f29facdb2e" executionId="b604a248-5cc3-44d0-8e7d-92003d1ac16a" testListId="8c84fa94-04c1-424b-9868-57a2d4851a1d" />
    <TestEntry testId="ed554971-c67e-439c-aa41-3d29bb659c53" executionId="3a6f1f68-f9b0-42e9-a037-d285a90c5232" testListId="8c84fa94-04c1-424b-9868-57a2d4851a1d" />
    <TestEntry testId="b7bb21dc-7214-4b35-bfe1-66994c293bca" executionId="99854281-2d8b-4030-a6ab-e1a5ac60ad6d" testListId="8c84fa94-04c1-424b-9868-57a2d4851a1d" />
    <TestEntry testId="98e8f7f6-c513-4025-a14d-125a75d4617e" executionId="a6d1d23a-3f63-4f4d-ba59-d42b94d92878" testListId="8c84fa94-04c1-424b-9868-57a2d4851a1d" />
    <TestEntry testId="4a5bbafa-6f71-42ae-ad2f-48752322698b" executionId="80314265-4a98-434c-879e-fbd6564eb68d" testListId="8c84fa94-04c1-424b-9868-57a2d4851a1d" />
    <TestEntry testId="8afce654-8dab-47d1-888d-4d0932f13d67" executionId="06d0adf6-280a-4da5-abdd-90b6f68e9e89" testListId="8c84fa94-04c1-424b-9868-57a2d4851a1d" />
    <TestEntry testId="23f72508-c2ef-4072-ad83-e2e79949df54" executionId="856023dc-5f2a-4924-9546-d26d5e262550" testListId="8c84fa94-04c1-424b-9868-57a2d4851a1d" />
    <TestEntry testId="12fe5549-05af-400e-9656-dffe53cf9147" executionId="39800e74-7fe4-4e73-8375-30c0ceec44f7" testListId="8c84fa94-04c1-424b-9868-57a2d4851a1d" />
    <TestEntry testId="299b8ee5-db15-4ef0-b22e-9e70053d48ac" executionId="7120f521-cd65-46d8-bb6f-11a0ae919d2f" testListId="8c84fa94-04c1-424b-9868-57a2d4851a1d" />
    <TestEntry testId="1b31a852-d581-4e4f-8d13-7421801ab030" executionId="711af6d5-db38-47bb-bcb1-2d37a5a68225" testListId="8c84fa94-04c1-424b-9868-57a2d4851a1d" />
    <TestEntry testId="a7f5e805-f7f1-4fa8-9f69-820af99abaa4" executionId="cfcfd37d-4f60-4937-b42f-56a52c6314fc" testListId="8c84fa94-04c1-424b-9868-57a2d4851a1d" />
    <TestEntry testId="5dc0697a-906f-429c-8e7b-97a17bcd92c4" executionId="f7a35e93-1fd6-48ac-992f-8069b444cee7" testListId="8c84fa94-04c1-424b-9868-57a2d4851a1d" />
    <TestEntry testId="bc5fbc15-9243-4db6-b41f-849552f09c8b" executionId="e8d4193c-2e35-4bed-ab4d-a7e7566d52d1" testListId="8c84fa94-04c1-424b-9868-57a2d4851a1d" />
    <TestEntry testId="f61b0dba-5514-44d9-ba95-7847e2d56236" executionId="bf58b0ca-d30e-44db-84af-014b0e44c8b0" testListId="8c84fa94-04c1-424b-9868-57a2d4851a1d" />
    <TestEntry testId="05e418e6-0325-4f50-8acc-1909f5f9b04d" executionId="c862e2cc-f588-4167-b08a-d854ca7e89d8" testListId="8c84fa94-04c1-424b-9868-57a2d4851a1d" />
    <TestEntry testId="4e0e32d3-bbbc-4d1b-a2db-bb2156ec7540" executionId="845dcf20-9903-48a7-81f5-1482d1a395c0" testListId="8c84fa94-04c1-424b-9868-57a2d4851a1d" />
    <TestEntry testId="4090dffe-ebc8-428f-88e7-2e269dbcf8e3" executionId="49c06f66-c98a-4ef6-9d18-da9fa9b1c817" testListId="8c84fa94-04c1-424b-9868-57a2d4851a1d" />
    <TestEntry testId="e0efdca3-71ea-49db-9b22-dc7981f6a307" executionId="6dc87fb2-0b3f-4dc7-be71-f9db56478bba" testListId="8c84fa94-04c1-424b-9868-57a2d4851a1d" />
    <TestEntry testId="1fd77c0e-1ec1-4497-b467-05359c180f37" executionId="2e4a8503-8f25-425f-b889-c630f85141d6" testListId="8c84fa94-04c1-424b-9868-57a2d4851a1d" />
    <TestEntry testId="a719b4ce-808d-4dab-8d6a-8dff57f9167d" executionId="5ff5084d-92e9-4037-884b-0e9808cd23eb" testListId="8c84fa94-04c1-424b-9868-57a2d4851a1d" />
    <TestEntry testId="bf60a761-de99-4c71-9b3c-fdcd9092cea6" executionId="30688d9a-a3d5-4368-b174-0efa6b5fec50" testListId="8c84fa94-04c1-424b-9868-57a2d4851a1d" />
    <TestEntry testId="98be6ece-820b-42fe-bd48-745f256b6be7" executionId="2a46e4ce-8f18-47ed-96cd-e599592848ba" testListId="8c84fa94-04c1-424b-9868-57a2d4851a1d" />
    <TestEntry testId="8357ec23-8976-4475-a2f3-603fe244c064" executionId="237df0c9-0ff3-4305-b60f-5a721b96c08e" testListId="8c84fa94-04c1-424b-9868-57a2d4851a1d" />
    <TestEntry testId="d73083de-7593-4fa8-9dab-07eac032f099" executionId="3a7f83ba-6e21-4182-a23c-c0c3e12dd8d2" testListId="8c84fa94-04c1-424b-9868-57a2d4851a1d" />
    <TestEntry testId="acb4abb9-dc3b-430b-b575-2dc87a7a443c" executionId="c1c3717b-d4b0-4fcf-8bcb-3db13fab74a9" testListId="8c84fa94-04c1-424b-9868-57a2d4851a1d" />
    <TestEntry testId="fff7a7f0-bf2d-40a1-86f1-a06a473afbf2" executionId="7b5c1a7c-cf17-4122-86b8-3935246c12db" testListId="8c84fa94-04c1-424b-9868-57a2d4851a1d" />
    <TestEntry testId="1b919eb4-f086-4a4f-9135-50cb905f2764" executionId="9f8a00c0-6070-4594-8b19-240e208be9b1" testListId="8c84fa94-04c1-424b-9868-57a2d4851a1d" />
    <TestEntry testId="3c9b234b-c494-450f-8fe9-368781fc5385" executionId="4cc656f9-aa30-4105-ad24-2731d45ccf22" testListId="8c84fa94-04c1-424b-9868-57a2d4851a1d" />
    <TestEntry testId="5bd2c789-7e24-430e-9dc0-adfef434dce7" executionId="9abc83d0-6a81-47b8-a908-153c20f28bc5" testListId="8c84fa94-04c1-424b-9868-57a2d4851a1d" />
    <TestEntry testId="ccec3c0c-ec02-4b84-af46-fd6cfdd9a247" executionId="e64a3f2c-5883-4d64-8fb5-507c8daa9e9e" testListId="8c84fa94-04c1-424b-9868-57a2d4851a1d" />
    <TestEntry testId="15d56302-a0cc-494e-aaa5-fdf4b59886cc" executionId="bc2e9cf1-6755-41de-8ec7-8ca72d5a6664" testListId="8c84fa94-04c1-424b-9868-57a2d4851a1d" />
    <TestEntry testId="9c653f80-68d0-4e96-b510-1d49f2b03745" executionId="c4ee4c62-16d9-4524-b159-bffd8d0138ae" testListId="8c84fa94-04c1-424b-9868-57a2d4851a1d" />
    <TestEntry testId="b093eee7-1563-4ddf-aab6-d28b93ff44f9" executionId="9d7f3bcd-a2de-4f09-a1fe-6323c723d3c2" testListId="8c84fa94-04c1-424b-9868-57a2d4851a1d" />
    <TestEntry testId="db96f608-9094-4c9e-a812-6b5347b2746d" executionId="e3cbfe00-d40a-4e76-b2b7-f5577f59b388" testListId="8c84fa94-04c1-424b-9868-57a2d4851a1d" />
    <TestEntry testId="343a3ebe-e576-48c5-a605-4ed1868758c9" executionId="fefbb3ad-1f5a-4ea2-8da7-cf1dbe10d816" testListId="8c84fa94-04c1-424b-9868-57a2d4851a1d" />
    <TestEntry testId="6a9ae2d1-dd8e-4d5f-90d6-897aeca4cd86" executionId="9aa3c20e-03c1-4bce-bef0-8f357b5ba75e" testListId="8c84fa94-04c1-424b-9868-57a2d4851a1d" />
    <TestEntry testId="24628bec-fceb-49ee-a79b-c6627b9f089f" executionId="2c868216-4b52-4114-a958-d353be1140b6" testListId="8c84fa94-04c1-424b-9868-57a2d4851a1d" />
    <TestEntry testId="0030b903-b8d6-4e0e-b12d-981c6fa45337" executionId="85842381-293b-4cf4-a960-812d5f876029" testListId="8c84fa94-04c1-424b-9868-57a2d4851a1d" />
    <TestEntry testId="f2f46c26-9e7d-4985-b34e-0c21ab95b482" executionId="db19f1de-b88a-4e77-83c7-64e028fe8f10" testListId="8c84fa94-04c1-424b-9868-57a2d4851a1d" />
    <TestEntry testId="41163f0c-de97-4538-9d80-b2fa6f543d3c" executionId="f9b37dfe-cf79-46b9-b926-c3bb4fa4192f" testListId="8c84fa94-04c1-424b-9868-57a2d4851a1d" />
    <TestEntry testId="8141ee90-5068-4284-a436-d9b9bccc53ce" executionId="ce2d6a4a-08af-470a-a118-49bf865e5e05" testListId="8c84fa94-04c1-424b-9868-57a2d4851a1d" />
    <TestEntry testId="8f2950bf-c43e-4653-80d4-3ffa0197feba" executionId="2861810e-eff9-4bbe-8550-af5fae49906c" testListId="8c84fa94-04c1-424b-9868-57a2d4851a1d" />
    <TestEntry testId="0b494bc6-3c51-43aa-b5ea-8a682bbeaebc" executionId="9c6eacab-caa8-4a52-ae86-f74d0fb098b4" testListId="8c84fa94-04c1-424b-9868-57a2d4851a1d" />
    <TestEntry testId="33738be6-2ab1-4ce2-b992-331c7cac4aba" executionId="652414f7-f3b3-4896-b462-f2fd568ef404" testListId="8c84fa94-04c1-424b-9868-57a2d4851a1d" />
    <TestEntry testId="73547727-372d-46ce-83ae-1e405d365567" executionId="79fdc9b3-d1a4-4033-aa73-376c85242411" testListId="8c84fa94-04c1-424b-9868-57a2d4851a1d" />
  </TestEntries>
  <TestLists>
    <TestList name="Results Not in a List" id="8c84fa94-04c1-424b-9868-57a2d4851a1d" />
    <TestList name="All Loaded Results" id="19431567-8539-422a-85d7-44ee4e166bda" />
  </TestLists>
  <ResultSummary outcome="Completed">
    <Counters total="452" executed="452" passed="452" failed="0" error="0" timeout="0" aborted="0" inconclusive="0" passedButRunAborted="0" notRunnable="0" notExecuted="0" disconnected="0" warning="0" completed="0" inProgress="0" pending="0" />
    <CollectorDataEntries>
      <Collector agentName="ip-10-8-96-225" uri="datacollector://microsoft/CoverletCodeCoverage/1.0" collectorDisplayName="XPlat code coverage">
        <UriAttachments>
          <UriAttachment>
            <A href="ip-10-8-96-225/coverage.cobertura.xml"></A>
          </UriAttachment>
          <UriAttachment>
            <A href="ip-10-8-96-225/coverage.info"></A>
          </UriAttachment>
        </UriAttachments>
      </Collector>
    </CollectorDataEntries>
  </ResultSummary>
</TestRun>